0 0 0
0.924997159216 0.042465218328 0.377593644907 -1.446753833797
0.028731258267 0.983073896710 -0.180942610809 0.325147647925
-0.378886223345 0.178220141512 0.908120482601 -3.233576978781
0.000000000000 0.000000000000 0.000000000000 1.000000000000
1 1 0
0.953911820939 0.032038807759 0.298371836256 -1.406198240019
0.017332533397 0.986742045594 -0.161368270560 0.315202040180
-0.299586083054 0.159102640628 0.940709587804 -3.243921853456
0.000000000000 0.000000000000 0.000000000000 1.000000000000
2 2 0
0.989855256595 0.023815918542 0.140069172252 -1.428241331596
-0.001491154016 0.987538114210 -0.157372962868 0.322100304002
-0.142071627889 0.155567589832 0.977555306641 -3.314399433404
0.000000000000 0.000000000000 0.000000000000 1.000000000000
3 3 0
0.991564702858 0.010978726744 0.129146845122 -1.420839119264
0.004092315670 0.993257534123 -0.115856479579 0.319692688287
-0.129548033557 0.115407705406 0.984834183269 -3.429382720599
0.000000000000 0.000000000000 0.000000000000 1.000000000000
4 4 0
0.991581904674 -0.008706903204 0.129187910269 -1.275885793598
0.007560917698 0.999927622969 0.009358490660 0.293689454286
-0.129260043504 -0.008302930837 0.991575969098 -3.587233634290
0.000000000000 0.000000000000 0.000000000000 1.000000000000
5 5 0
0.991302502479 -0.012422501771 0.131015380887 -1.199130126415
0.008218018498 0.999435229387 0.032583530077 0.312563629507
-0.131346156210 -0.031223448081 0.990844732306 -3.742985323393
0.000000000000 0.000000000000 0.000000000000 1.000000000000
6 6 0
0.997379569890 -0.010778392687 0.071538939167 -1.112838459516
0.008198234448 0.999308666544 0.036262624319 0.358637897474
-0.071880334710 -0.035581107650 0.996778411815 -3.884295913711
0.000000000000 0.000000000000 0.000000000000 1.000000000000
7 7 0
0.999966438661 -0.000534002709 -0.008175352709 -1.107573990609
0.000805243829 0.999448049585 0.033210657362 0.364296693318
0.008153105738 -0.033216125920 0.999414936773 -3.991848177524
0.000000000000 0.000000000000 0.000000000000 1.000000000000
8 8 0
0.999996365993 -0.000364553225 0.002671161083 -1.046724397398
0.000364714395 0.999999931701 -0.000059849933 0.365558622272
-0.002671139083 0.000060823927 0.999996430652 -4.011077831768
0.000000000000 0.000000000000 0.000000000000 1.000000000000
9 9 0
0.998917745805 -0.004554352568 0.046288173304 -0.984700784954
0.005175114231 0.999898161215 -0.013299826721 0.366836259288
-0.046222887272 0.013524979512 0.998839586531 -4.021685523440
0.000000000000 0.000000000000 0.000000000000 1.000000000000
10 10 0
0.999843136708 -0.005761418628 0.016748374068 -0.854214500747
0.006120398668 0.999750928860 -0.021462081996 0.374037951047
-0.016620550492 0.021561222110 0.999629366817 -3.999018854800
0.000000000000 0.000000000000 0.000000000000 1.000000000000
11 11 0
0.994540821079 -0.001416070841 -0.104338631152 -0.685950155996
-0.001631276367 0.999574731759 -0.029115194769 0.372095586952
0.104335488424 0.029126454854 0.994115564451 -3.956322077460
0.000000000000 0.000000000000 0.000000000000 1.000000000000
12 12 0
0.990652569498 -0.001759758579 -0.136397909794 -0.552888343345
-0.002947868110 0.999407088401 -0.034304252329 0.373101381531
0.136377405094 0.034385678762 0.990060012563 -4.006096529714
0.000000000000 0.000000000000 0.000000000000 1.000000000000
13 13 0
0.988339989116 -0.001158430933 -0.152258740153 -0.443605711782
-0.003962213560 0.999436764329 -0.033323489770 0.387751687293
0.152211585560 0.033538219161 0.987778730828 -4.039343503778
0.000000000000 0.000000000000 0.000000000000 1.000000000000
14 14 0
0.985562679585 -0.001759577518 -0.169301826616 -0.285892475577
-0.003182021131 0.999576885761 -0.028912353667 0.368564702689
0.169281066130 0.029033658743 0.985140074969 -3.947498206857
0.000000000000 0.000000000000 0.000000000000 1.000000000000
15 15 0
0.980687266622 -0.002130854358 -0.195570817215 -0.135755888040
-0.004140765790 0.999490314796 -0.031653825792 0.356631990846
0.195538587355 0.031852316844 0.980178601463 -3.928066951482
0.000000000000 0.000000000000 0.000000000000 1.000000000000
16 16 0
0.965662539090 -0.001604223047 -0.259794701767 0.035194171801
-0.008319403050 0.999277153715 -0.037093902409 0.359448379041
0.259666417025 0.037981528819 0.964951167333 -3.910384264393
0.000000000000 0.000000000000 0.000000000000 1.000000000000
17 17 0
0.952547719994 -0.002924586286 -0.304375241980 0.163656123702
-0.010422651863 0.999054087654 -0.042217274536 0.344740284041
0.304210797743 0.043386365787 0.951616211401 -3.773637122045
0.000000000000 0.000000000000 0.000000000000 1.000000000000
18 18 0
0.937317473879 -0.006102245929 -0.348423184871 0.312753625578
-0.013173476538 0.998511503685 -0.052926708983 0.328617671508
0.348227530038 0.054199073816 0.935841892480 -3.710348978184
0.000000000000 0.000000000000 0.000000000000 1.000000000000
19 19 0
0.915292711255 -0.008257716509 -0.402704684405 0.451265888213
-0.016968451793 0.998111752984 -0.059033890264 0.333816979458
0.402431763616 0.060866564500 0.913424291859 -3.678328393135
0.000000000000 0.000000000000 0.000000000000 1.000000000000
20 20 0
0.907146325406 -0.011217423486 -0.420665798126 0.612926501315
-0.016146227323 0.997980750056 -0.061430626413 0.325979529180
0.420505462088 0.062518732622 0.905133451169 -3.650975550916
0.000000000000 0.000000000000 0.000000000000 1.000000000000
21 21 0
0.904018236704 -0.013330070874 -0.427286013013 0.811174229198
-0.015686553646 0.997806220881 -0.064317008686 0.333010863475
0.427205992164 0.064846393748 0.901825917501 -3.792792523873
0.000000000000 0.000000000000 0.000000000000 1.000000000000
22 22 0
0.900777268404 -0.013586799381 -0.434068786725 0.910155031396
-0.015062950877 0.997931611987 -0.062494842252 0.344856673635
0.434020068933 0.062832290104 0.898709454208 -3.927509163664
0.000000000000 0.000000000000 0.000000000000 1.000000000000
23 23 0
0.900603004279 -0.014383130837 -0.434404597387 1.116589218637
-0.012382039081 0.998197662482 -0.058720624344 0.339482618062
0.434466240106 0.058262785400 0.898801721208 -3.960749768959
0.000000000000 0.000000000000 0.000000000000 1.000000000000
24 24 0
0.898788944407 -0.015597956178 -0.438104025517 1.348817571344
-0.010767000438 0.998279888561 -0.057631031541 0.339740389668
0.438249364076 0.056515200239 0.897074984061 -3.902959169490
0.000000000000 0.000000000000 0.000000000000 1.000000000000
25 25 0
0.891699599085 -0.019140970816 -0.452222786056 1.507623125221
-0.009148306007 0.998139196574 -0.060286422689 0.327700847047
0.452535229003 0.057894451372 0.889865213957 -3.804113430877
0.000000000000 0.000000000000 0.000000000000 1.000000000000
26 26 0
0.839453580024 -0.022222584543 -0.542976835345 1.729469738918
-0.015383455065 0.997791359104 -0.064620066598 0.322567348029
0.543213619394 0.062598405995 0.837257668386 -3.744120593398
0.000000000000 0.000000000000 0.000000000000 1.000000000000
27 27 0
0.809717929064 -0.024786173058 -0.586295591812 1.955051298951
-0.018198512310 0.997566362166 -0.067306516952 0.316369058329
0.586537031655 0.065169001064 0.807296297401 -3.660356784625
0.000000000000 0.000000000000 0.000000000000 1.000000000000
28 28 0
0.801852430667 -0.028532081835 -0.596840514492 2.120147672221
-0.017453653369 0.997314644674 -0.071125730248 0.293578692262
0.597267150793 0.067449387139 0.799201182906 -3.571869311578
0.000000000000 0.000000000000 0.000000000000 1.000000000000
29 29 0
0.776433993045 -0.032719480575 -0.629348623606 2.287866829244
-0.019797469362 0.996892001328 -0.076252199277 0.284019663807
0.629887541273 0.071664309657 0.773373074312 -3.466171714816
0.000000000000 0.000000000000 0.000000000000 1.000000000000
30 30 0
0.757181692242 -0.045266743747 -0.651633951574 2.366269257742
-0.020013737383 0.995519816660 -0.092410740463 0.266640855595
0.652897645308 0.083013351622 0.752883422718 -3.279576688382
0.000000000000 0.000000000000 0.000000000000 1.000000000000
31 31 0
0.742639487661 -0.054694197998 -0.667454220207 2.567878803764
-0.019987194775 0.994405200572 -0.103724679420 0.222821784357
0.669393085871 0.090370580285 0.737391385091 -3.175184247482
0.000000000000 0.000000000000 0.000000000000 1.000000000000
32 32 0
0.731489117716 -0.031725432944 -0.681114650825 2.634397064316
-0.021238181189 0.997372181098 -0.069265229598 0.194725240652
0.681522274268 0.065132398052 0.728893106292 -3.041810297538
0.000000000000 0.000000000000 0.000000000000 1.000000000000
33 33 0
0.702035488197 0.018148966317 -0.711910660360 2.686537968884
-0.022553074067 0.999740375942 0.003246469219 0.192445188378
0.711784751285 0.013776637249 0.702262537876 -2.908387785660
0.000000000000 0.000000000000 0.000000000000 1.000000000000
34 34 0
0.568500417591 0.047948679905 -0.821284481342 2.683998000610
-0.029057620680 0.998847492875 0.038201317487 0.161638278868
0.822169647870 0.002147107986 0.569238491362 -2.916970370010
0.000000000000 0.000000000000 0.000000000000 1.000000000000
35 35 0
0.469862320976 0.063746880677 -0.880434968939 2.710717800631
-0.038288111050 0.997922186844 0.051820165549 0.111317792163
0.881908963488 0.009361848605 0.471326782510 -2.921482006475
0.000000000000 0.000000000000 0.000000000000 1.000000000000
36 36 0
0.488822579747 0.043628005650 -0.871291617458 2.749639507346
-0.040031936401 0.998818400749 0.027554426011 0.082974374554
0.871464244589 0.021410265011 0.489991500900 -2.904644970596
0.000000000000 0.000000000000 0.000000000000 1.000000000000
37 37 0
0.631103074642 0.001427554212 -0.775697667437 2.786062739088
-0.029955602081 0.999297223917 -0.022532646866 0.073242493080
0.775120359094 0.037456913378 0.630702313741 -2.869661583930
0.000000000000 0.000000000000 0.000000000000 1.000000000000
38 38 0
0.667598267290 -0.007926402016 -0.744479499827 2.878489849423
-0.021825670352 0.999305218139 -0.030211274602 0.064642380209
0.744201715683 0.036417758724 0.666961433086 -2.768350660110
0.000000000000 0.000000000000 0.000000000000 1.000000000000
39 39 0
0.664980518219 -0.013064562992 -0.746746427901 3.046204858875
-0.018863897935 0.999234214375 -0.034280288470 0.027186369973
0.746622437209 0.036882272391 0.664224837114 -2.545132686151
0.000000000000 0.000000000000 0.000000000000 1.000000000000
40 40 0
0.663085250864 -0.016599274764 -0.748359815973 3.291280816981
-0.015319784515 0.999243756104 -0.035738216098 0.035225155188
0.748387101899 0.035162195108 0.662329499378 -2.325595530163
0.000000000000 0.000000000000 0.000000000000 1.000000000000
41 41 0
0.657337269605 -0.016323008277 -0.753419719273 3.411838557455
-0.014729857808 0.999296096075 -0.034501357338 0.005184230354
0.753452550117 0.033776793365 0.656634131730 -2.027387607843
0.000000000000 0.000000000000 0.000000000000 1.000000000000
42 42 0
0.636764713208 -0.017983388401 -0.770848427225 3.573423583618
-0.014712419618 0.999262601828 -0.035465438050 -0.021656837309
0.770917793751 0.033924185012 0.636030584916 -1.723193418957
0.000000000000 0.000000000000 0.000000000000 1.000000000000
43 43 0
0.561375206136 -0.018344874137 -0.827358050380 3.602777804391
-0.020135234277 0.999155530279 -0.035816178649 -0.032780698954
0.827316414848 0.036765362847 0.560531763434 -1.430618338707
0.000000000000 0.000000000000 0.000000000000 1.000000000000
44 44 0
0.393422604679 -0.017734214916 -0.919186679488 3.674297311333
-0.029652649083 0.999048972784 -0.031966707404 -0.013253997458
0.918879412398 0.039832745339 0.392522582623 -1.229525168572
0.000000000000 0.000000000000 0.000000000000 1.000000000000
45 45 0
0.250826549480 -0.016919238900 -0.967884177694 3.634931510846
-0.036708572914 0.998961862688 -0.026975499434 0.048948615990
0.967335785935 0.042295818353 0.249945075965 -1.019727098053
0.000000000000 0.000000000000 0.000000000000 1.000000000000
46 46 0
0.229401967251 -0.032776896600 -0.972779734817 3.610500684142
-0.035787273277 0.998473022296 -0.042082001132 0.086691813672
0.972673639251 0.044466828054 0.227878679805 -0.815293568560
0.000000000000 0.000000000000 0.000000000000 1.000000000000
47 47 0
0.215723968809 -0.040851638462 -0.975599463364 3.633733767579
-0.034767662078 0.998169570269 -0.049484529533 0.110168764953
0.975835221211 0.044594311571 0.213908785281 -0.607096931989
0.000000000000 0.000000000000 0.000000000000 1.000000000000
48 48 0
0.203299643064 -0.043116949519 -0.978166746416 3.681365855924
-0.032836275305 0.998167712785 -0.050823185428 0.098766846326
0.978565804713 0.042451688036 0.201511339703 -0.391900685556
0.000000000000 0.000000000000 0.000000000000 1.000000000000
49 49 0
0.152216368570 -0.048243958189 -0.987169031948 3.906690227190
-0.032458014751 0.998025178497 -0.053779367465 0.098774619826
0.987814078872 0.040227647021 0.150349865306 -0.209634608037
0.000000000000 0.000000000000 0.000000000000 1.000000000000
50 50 0
0.070560533330 -0.044787049755 -0.996501546065 4.053626813541
-0.034477086616 0.998285148999 -0.047308474777 0.070987591982
0.996911501406 0.037694581328 0.068895405535 -0.058450791476
0.000000000000 0.000000000000 0.000000000000 1.000000000000
51 51 0
0.061626734907 -0.036423887269 -0.997434431921 4.158615586751
-0.032257215473 0.998739180250 -0.038464553611 0.065157266885
0.997577875454 0.034544902239 0.060374101522 0.139128667787
0.000000000000 0.000000000000 0.000000000000 1.000000000000
52 52 0
0.063695412388 -0.034003595479 -0.997389918705 4.181747054563
-0.030506191784 0.998885965188 -0.036002788962 0.017549042869
0.997503015887 0.032719780633 0.062587133277 0.175571662032
0.000000000000 0.000000000000 0.000000000000 1.000000000000
53 53 0
0.070636928438 -0.041669330733 -0.996631371781 4.114821342760
-0.028041193439 0.998649289908 -0.043741138957 0.006966273242
0.997107875714 0.031036472786 0.069373060662 0.309536559771
0.000000000000 0.000000000000 0.000000000000 1.000000000000
54 54 0
0.066854582697 -0.053074216095 -0.996350135423 4.192323962659
-0.024601864620 0.998192952369 -0.054823152935 -0.006854727930
0.997459379138 0.028177250157 0.065428048602 0.567391882884
0.000000000000 0.000000000000 0.000000000000 1.000000000000
55 55 0
0.033643836831 -0.058955276747 -0.997693523877 4.211437485216
-0.023771671843 0.997929034340 -0.059770812595 -0.016200020171
0.999151139649 0.025727762516 0.032172696108 0.813582952615
0.000000000000 0.000000000000 0.000000000000 1.000000000000
56 56 0
-0.087097022501 -0.040499791496 -0.995376248240 4.233976819418
-0.027608796533 0.998887612539 -0.038226847517 -0.055836155630
0.995817183536 0.024151695713 -0.088118287369 0.974579051480
0.000000000000 0.000000000000 0.000000000000 1.000000000000
57 57 0
-0.270213996558 0.030859022276 -0.962305625469 4.314678882497
-0.029583284127 0.998748191258 0.040334597544 -0.061222779260
0.962345689118 0.039367133537 -0.268962829091 1.118743923856
0.000000000000 0.000000000000 0.000000000000 1.000000000000
58 58 0
-0.393272238399 0.039499409765 -0.918573210546 4.410496536093
-0.026794804250 0.998160001694 0.054393469120 -0.079181444960
0.919031547320 0.046004430721 -0.391490239194 1.308698826793
0.000000000000 0.000000000000 0.000000000000 1.000000000000
59 59 0
-0.475453558118 0.044462881792 -0.878616506910 4.453289994476
-0.024134395511 0.997686880170 0.063548564815 -0.094670127294
0.879409713971 0.051419269535 -0.473280692290 1.554408681474
0.000000000000 0.000000000000 0.000000000000 1.000000000000
60 60 0
-0.489335207328 0.050409055311 -0.870637686993 4.494920921566
-0.023113079012 0.997227752824 0.070729022164 -0.119387687916
0.871789447314 0.054733318375 -0.486813540703 1.786587850092
0.000000000000 0.000000000000 0.000000000000 1.000000000000
61 61 0
-0.489912179102 0.056426230284 -0.869943755253 4.490152011187
-0.020909373772 0.996855440830 0.076433161490 -0.146724881575
0.871521000812 0.055635515840 -0.487191784127 2.028151986880
0.000000000000 0.000000000000 0.000000000000 1.000000000000
62 62 0
-0.462298413717 0.061221980362 -0.884608413817 4.540550462796
-0.020011319894 0.996639295752 0.079433376100 -0.159196567638
0.886498575154 0.054424105717 -0.459519632841 2.174262998419
0.000000000000 0.000000000000 0.000000000000 1.000000000000
63 63 0
-0.445220154915 0.067082409801 -0.892904789971 4.469166428181
-0.017240023094 0.996362720597 0.083451246900 -0.169888255390
0.895255156512 0.052547876272 -0.442444262521 2.403611015417
0.000000000000 0.000000000000 0.000000000000 1.000000000000
64 64 0
-0.455348418185 0.069544589793 -0.887593019400 4.531482330730
-0.015174815775 0.996193489566 0.085838547939 -0.167565819843
0.890183993915 0.052555507576 -0.452559803342 2.565464925112
0.000000000000 0.000000000000 0.000000000000 1.000000000000
65 65 0
-0.484148042327 0.077101081299 -0.871582524133 4.448815127196
-0.011087026472 0.995489600026 0.094220666972 -0.192345907808
0.874915853642 0.055280009979 -0.481109519280 2.814612117388
0.000000000000 0.000000000000 0.000000000000 1.000000000000
66 66 0
-0.629954094662 0.074737140812 -0.773027941540 4.445510321825
-0.004239391664 0.995013153915 0.099653655699 -0.209442165155
0.776620799475 0.066054396667 -0.626495770540 3.012265340849
0.000000000000 0.000000000000 0.000000000000 1.000000000000
67 67 0
-0.697098605695 0.072475126433 -0.713302803854 4.303361576252
-0.002959507856 0.994578495452 0.103946417434 -0.299352055420
0.716969159205 0.074571927912 -0.693104791728 3.208780738125
0.000000000000 0.000000000000 0.000000000000 1.000000000000
68 68 0
-0.749989060683 0.064755063793 -0.658272884577 4.237157829529
-0.003401030187 0.994805713204 0.101735077388 -0.415794040650
0.661441487850 0.078539001080 -0.745873168481 3.363004089351
0.000000000000 0.000000000000 0.000000000000 1.000000000000
69 69 0
-0.754334519349 0.070605003352 -0.652682439185 4.034026818347
-0.003110681809 0.993804188527 0.111101568506 -0.413791466254
0.656482868457 0.085838035669 -0.749441175180 3.511382686984
0.000000000000 0.000000000000 0.000000000000 1.000000000000
70 70 0
-0.776613832945 0.083868966454 -0.624369242471 3.959051158845
-0.000835109326 0.990960627508 0.134150427956 -0.400007925900
0.629976394058 0.104704494623 -0.769523691471 3.711521269269
0.000000000000 0.000000000000 0.000000000000 1.000000000000
71 71 0
-0.786271499030 0.108226855656 -0.608328922153 3.665670390178
0.001723075420 0.984920563376 0.172998597829 -0.384031642007
0.617878759001 0.134975670232 -0.774601450826 3.846679860581
0.000000000000 0.000000000000 0.000000000000 1.000000000000
72 72 0
-0.794089495413 0.111641799798 -0.597459606845 3.412215100697
0.002373907064 0.983547994172 0.180631414005 -0.360828348851
0.607796214071 0.142019194822 -0.781290157664 3.826207882515
0.000000000000 0.000000000000 0.000000000000 1.000000000000
73 73 0
-0.811031310295 0.108725957670 -0.574810299012 3.213586188079
0.006661530824 0.984229829652 0.176768963427 -0.412170486848
0.584964817513 0.139536047503 -0.798965489692 3.939313701420
0.000000000000 0.000000000000 0.000000000000 1.000000000000
74 74 0
-0.872780131624 0.096356610667 -0.478508354601 2.925693799180
0.015586209818 0.985323437485 0.169984686387 -0.470690288278
0.487864645066 0.140901125345 -0.861472553812 4.026023097767
0.000000000000 0.000000000000 0.000000000000 1.000000000000
75 75 0
-0.914761524843 0.080789328553 -0.395833850319 2.699433439647
0.018464515414 0.987137632118 0.158802887026 -0.511164575363
0.403572068331 0.137957890855 -0.904487261388 4.276715325003
0.000000000000 0.000000000000 0.000000000000 1.000000000000
76 76 0
-0.927634921018 0.073059608307 -0.366272776687 2.527455785896
0.016841844176 0.987865932777 0.154393170653 -0.523353928020
0.373108302766 0.137051787633 -0.917609395066 4.465816227945
0.000000000000 0.000000000000 0.000000000000 1.000000000000
77 77 0
-0.944209606602 0.067088815147 -0.322439621762 2.344958318782
0.018849374725 0.988435928639 0.150463005579 -0.553590909941
0.328805291735 0.135990830049 -0.934555281548 4.640702554380
0.000000000000 0.000000000000 0.000000000000 1.000000000000
78 78 0
-0.956515265166 0.063253052327 -0.284741284109 2.172199372873
0.020500091311 0.988367966287 0.150693428766 -0.561020676844
0.290960983228 0.138303342651 -0.946685740703 4.840918723784
0.000000000000 0.000000000000 0.000000000000 1.000000000000
79 79 0
-0.968663796701 0.060340671621 -0.240934539468 1.993331728758
0.023200477227 0.987781585053 0.154108007859 -0.585368921089
0.247289681986 0.143689051699 -0.958228192867 4.971217896993
0.000000000000 0.000000000000 0.000000000000 1.000000000000
80 80 0
-0.977874388119 0.057972921236 -0.200999555881 1.811980271985
0.025782918171 0.986907743334 0.159211643037 -0.564331956780
0.207597982147 0.150506632914 -0.966566516727 4.953850981908
0.000000000000 0.000000000000 0.000000000000 1.000000000000
81 81 0
-0.990416125447 0.052789636171 -0.127628965239 1.547387991516
0.031997985555 0.986633713847 0.159781236760 -0.538450718675
0.134357833324 0.154166043645 -0.978867102119 4.882017902679
0.000000000000 0.000000000000 0.000000000000 1.000000000000
82 82 0
-0.998870274913 0.042419681442 -0.021418322104 1.233954030934
0.038646255638 0.987422740445 0.153306224848 -0.562795474235
0.027652139529 0.152305293009 -0.987946586057 4.983516066641
0.000000000000 0.000000000000 0.000000000000 1.000000000000
83 83 0
-0.993822082480 0.029216358005 0.107070410483 0.988015121869
0.044832786417 0.988196271196 0.146486009077 -0.567268177595
-0.101526792710 0.150381295440 -0.983401126877 5.010488340990
0.000000000000 0.000000000000 0.000000000000 1.000000000000
84 84 0
-0.963638335079 0.010843689344 0.266989837947 0.719864212945
0.049396258813 0.989184458500 0.138109075287 -0.582357521248
-0.262604586367 0.146275498505 -0.953751702361 5.010050982545
0.000000000000 0.000000000000 0.000000000000 1.000000000000
85 85 0
-0.963127628831 0.004460829451 0.269007939626 0.458965840097
0.043706828832 0.989175021005 0.140080301731 -0.576346145688
-0.265471059995 0.146672692823 -0.952896761189 4.915893159699
0.000000000000 0.000000000000 0.000000000000 1.000000000000
86 86 0
-0.975738847481 0.006834700006 0.218830958489 0.223912607160
0.041553393611 0.987126315360 0.154450487220 -0.586831798137
-0.214958174994 0.159796509346 -0.963461498247 4.875555629017
0.000000000000 0.000000000000 0.000000000000 1.000000000000
87 87 0
-0.976455589983 0.010578052237 0.215459011419 -0.041085742724
0.046840588646 0.985363659088 0.163903686974 -0.575794729539
-0.210571698113 0.170136898288 -0.962659335276 4.749576768822
0.000000000000 0.000000000000 0.000000000000 1.000000000000
88 88 0
-0.974342060326 0.012849757788 0.224705214014 -0.314144624588
0.051294570055 0.984773294103 0.166103661324 -0.581005624753
-0.219149301991 0.173367940944 -0.960165163131 4.688773798032
0.000000000000 0.000000000000 0.000000000000 1.000000000000
89 89 0
-0.971589143178 0.013181461582 0.236306550755 -0.594525784046
0.054358782315 0.984184423035 0.168600546384 -0.643792328283
-0.230346824690 0.176655796753 -0.956939428506 4.556942366140
0.000000000000 0.000000000000 0.000000000000 1.000000000000
90 90 0
-0.967803574949 0.011442411862 0.251446438685 -0.847070335541
0.056748712531 0.983165297652 0.173682414534 -0.702200823688
-0.245226067013 0.182359723357 -0.952160231975 4.492563897221
0.000000000000 0.000000000000 0.000000000000 1.000000000000
91 91 0
-0.956306472630 0.005111942039 0.292321395821 -1.048331172479
0.059434914409 0.982368179518 0.177257583248 -0.669950439431
-0.286261106955 0.186886671323 -0.939748876417 4.303115616010
0.000000000000 0.000000000000 0.000000000000 1.000000000000
92 92 0
-0.924193192609 -0.004766653981 0.381895563924 -1.232985431663
0.066396644490 0.982690703561 0.172946427356 -0.609826051732
-0.376109596176 0.185192494839 -0.907879568842 4.140419226062
0.000000000000 0.000000000000 0.000000000000 1.000000000000
93 93 0
-0.835008771436 -0.024112193946 0.549708062274 -1.414763249126
0.074263091629 0.984959855963 0.156009856624 -0.535694851922
-0.545202113759 0.171092618909 -0.820659473172 3.993350046935
0.000000000000 0.000000000000 0.000000000000 1.000000000000
94 94 0
-0.815071969331 -0.030651218955 0.578548345073 -1.657372555946
0.066469446312 0.987058279574 0.145937539488 -0.436743787908
-0.575534097615 0.157405385871 -0.802486166224 3.916863642061
0.000000000000 0.000000000000 0.000000000000 1.000000000000
95 95 0
-0.802964020217 -0.034856230967 0.595007416256 -1.797589919437
0.064579667866 0.987323482406 0.144988991261 -0.339198822419
-0.592518564043 0.154846324630 -0.790534228869 3.765600849005
0.000000000000 0.000000000000 0.000000000000 1.000000000000
96 96 0
-0.719886327504 -0.040916358499 0.692884930620 -1.994085366836
0.070797604732 0.988725823855 0.131942958914 -0.303261230252
-0.690471849272 0.144038525576 -0.708873422067 3.589680493661
0.000000000000 0.000000000000 0.000000000000 1.000000000000
97 97 0
-0.603568771513 -0.051492217146 0.795646460199 -2.138344084868
0.072409464636 0.990248556133 0.119015404497 -0.255480922608
-0.794016125456 0.129446315706 -0.593954580642 3.361544111975
0.000000000000 0.000000000000 0.000000000000 1.000000000000
98 98 0
-0.516233084425 -0.068128337450 0.853734110939 -2.381738392485
0.068986185077 0.990284250153 0.120739430872 -0.211948271750
-0.853665220571 0.121225548195 -0.506517578818 3.207890922001
0.000000000000 0.000000000000 0.000000000000 1.000000000000
99 99 0
-0.454122348791 -0.112472570633 0.883811525827 -2.513225211487
0.068845730317 0.984603586593 0.160673714977 -0.176184560635
-0.888275383958 0.133812174792 -0.439387237106 3.028257408751
0.000000000000 0.000000000000 0.000000000000 1.000000000000
100 100 0
-0.305300702048 -0.129049328004 0.943471118939 -2.791442435399
0.070642937945 0.984975260225 0.157585887895 -0.188935659842
-0.949632063827 0.114760653915 -0.291597214776 2.880567112869
0.000000000000 0.000000000000 0.000000000000 1.000000000000
101 101 0
-0.250601635621 -0.133933252422 0.958780842591 -3.020284487415
0.064405051248 0.985883023108 0.154553078655 -0.171141430324
-0.965945552088 0.100481583603 -0.238437920136 2.673966059240
0.000000000000 0.000000000000 0.000000000000 1.000000000000
102 102 0
-0.218273346400 -0.130242503972 0.967157503414 -3.234270517425
0.063669808368 0.987042009377 0.147289603256 -0.160313728359
-0.973808452291 0.093728127497 -0.207152447155 2.498137116321
0.000000000000 0.000000000000 0.000000000000 1.000000000000
103 103 0
-0.166370602894 -0.121725479579 0.978521195536 -3.412246475901
0.065145561985 0.988826393293 0.134083629426 -0.142692016724
-0.983908978639 0.086053887463 -0.156581768434 2.261638492116
0.000000000000 0.000000000000 0.000000000000 1.000000000000
104 104 0
-0.150942086634 -0.104936986855 0.982957127891 -3.597809486254
0.067228867771 0.990957944448 0.116114734952 -0.130272151343
-0.986253905351 0.083609695158 -0.142522465088 2.059021412678
0.000000000000 0.000000000000 0.000000000000 1.000000000000
105 105 0
-0.142647417165 -0.101077476773 0.984598932594 -3.719267920731
0.071178498973 0.991148679141 0.112062112784 -0.100898631154
-0.987210887126 0.086067645063 -0.134190256029 1.838372097218
0.000000000000 0.000000000000 0.000000000000 1.000000000000
106 106 0
-0.132265528700 -0.098241990881 0.986333787896 -3.870807968483
0.074487243876 0.991277438858 0.108722995316 -0.095247236669
-0.988411594639 0.087849589859 -0.123794059405 1.598018669674
0.000000000000 0.000000000000 0.000000000000 1.000000000000
107 107 0
-0.119996629149 -0.097483735453 0.987976583890 -4.034448055230
0.078329300375 0.991135353271 0.107309049945 -0.042345470967
-0.989679407533 0.090264238873 -0.111297068627 1.342823475496
0.000000000000 0.000000000000 0.000000000000 1.000000000000
108 108 0
-0.104563752140 -0.096217131266 0.989852860474 -4.227061933221
0.079263320790 0.991336489844 0.104734377745 -0.033116661125
-0.991354501536 0.089410444330 -0.096031373671 1.168979424351
0.000000000000 0.000000000000 0.000000000000 1.000000000000
109 109 0
-0.088628700335 -0.098345961059 0.991197773111 -4.401529733313
0.081621473936 0.991050115672 0.105629556561 -0.008927337487
-0.992714907952 0.090264833518 -0.079808341422 0.993043954661
0.000000000000 0.000000000000 0.000000000000 1.000000000000
110 110 0
0.006545741755 -0.100978698561 0.994867054285 -4.540515423231
0.083257797632 0.991489043934 0.100088035706 0.018223413278
-0.996506544082 0.082175289442 0.014897295285 0.792340811243
0.000000000000 0.000000000000 0.000000000000 1.000000000000
111 111 0
0.124390027210 -0.128027322090 0.983939086493 -4.743351355222
0.077467099173 0.989866964521 0.119005214577 0.032515304841
-0.989204715757 0.061419844914 0.133047483908 0.699480337432
0.000000000000 0.000000000000 0.000000000000 1.000000000000
112 112 0
0.143743885285 -0.136116656153 0.980209136542 -4.880923564930
0.073276526821 0.989240437391 0.126625067219 0.013870128342
-0.986898295702 0.053624741947 0.152171419757 0.580365924882
0.000000000000 0.000000000000 0.000000000000 1.000000000000
113 113 0
0.226989781516 -0.124305116687 0.965931610961 -4.936536258262
0.072448593855 0.991228090560 0.110535395838 0.005511954811
-0.971198661622 0.044889981623 0.234004378621 0.358889267923
0.000000000000 0.000000000000 0.000000000000 1.000000000000
114 114 0
0.265058554695 -0.084077825841 0.960559671121 -4.984287374896
0.070960422143 0.995190720012 0.067528137035 0.017200015474
-0.961617689663 0.050262809353 0.269750011907 0.089842546964
0.000000000000 0.000000000000 0.000000000000 1.000000000000
115 115 0
0.358453972172 -0.078976540787 0.930200761040 -5.069020877486
0.066865220684 0.996027979937 0.058798855816 0.055544664055
-0.931149715189 0.041121395741 0.362310969632 -0.091971998914
0.000000000000 0.000000000000 0.000000000000 1.000000000000
116 116 0
0.446481186958 -0.080320245640 0.891180794134 -5.136638458940
0.061926425679 0.996348719255 0.058773696850 0.002331416529
-0.892647560628 0.028946291283 0.449824904519 -0.173394564545
0.000000000000 0.000000000000 0.000000000000 1.000000000000
117 117 0
0.532415397839 -0.083482098091 0.842356565501 -5.002955097178
0.058231269988 0.996379645425 0.061941273630 -0.099690557772
-0.844477923536 0.016073004750 0.535349133910 -0.505009418072
0.000000000000 0.000000000000 0.000000000000 1.000000000000
118 118 0
0.541501012112 -0.083973704161 0.836495708830 -4.826267515770
0.055245692570 0.996402596846 0.064263352321 -0.061739415705
-0.838882928265 0.011414114443 0.544192200107 -0.653925322002
0.000000000000 0.000000000000 0.000000000000 1.000000000000
119 119 0
0.552788429923 -0.080561140641 0.829418383183 -4.737174219767
0.055055024016 0.996672116849 0.060113524495 -0.022163086608
-0.831500989821 0.012433588183 0.555384110153 -0.828334940337
0.000000000000 0.000000000000 0.000000000000 1.000000000000
120 120 0
0.561295603782 -0.080850644552 0.823656735813 -4.592523561254
0.056173264201 0.996643496971 0.059550855035 -0.021328448498
-0.825706854497 0.012841854300 0.563953258005 -0.878798148958
0.000000000000 0.000000000000 0.000000000000 1.000000000000
121 121 0
0.561448680849 -0.077361750135 0.823887454928 -4.494614670389
0.059607224355 0.996815015765 0.052979270939 0.008942994650
-0.825361955494 0.019364502588 0.564271794849 -1.087717833254
0.000000000000 0.000000000000 0.000000000000 1.000000000000
122 122 0
0.562451668514 -0.075594732675 0.823367206645 -4.487951262447
0.061854310834 0.996868314171 0.049270766508 0.042358159621
-0.824513289655 0.023216386299 0.565366106686 -1.276173512371
0.000000000000 0.000000000000 0.000000000000 1.000000000000
123 123 0
0.571447377108 -0.080667876580 0.816664306116 -4.336022398983
0.064868440378 0.996483276240 0.053039283713 0.059464541845
-0.818070889739 0.022666580289 0.574670553882 -1.524355198157
0.000000000000 0.000000000000 0.000000000000 1.000000000000
124 124 0
0.588151398359 -0.082408758463 0.804541315991 -4.279749387560
0.065972514979 0.996368438589 0.053829005667 0.092511501607
-0.806055556321 0.021418009065 0.591452203489 -1.802471824891
0.000000000000 0.000000000000 0.000000000000 1.000000000000
125 125 0
0.631009101484 -0.083340988667 0.771285805297 -4.119263939621
0.064524355429 0.996406091591 0.054877210177 0.119544674464
-0.773087395707 0.015138700352 0.634118836143 -2.075608436627
0.000000000000 0.000000000000 0.000000000000 1.000000000000
126 126 0
0.658308220299 -0.084444971449 0.747996880931 -3.971462265108
0.062721611646 0.996385636130 0.057285805797 0.146587877252
-0.750130846265 0.009203853015 0.661225379557 -2.326838994851
0.000000000000 0.000000000000 0.000000000000 1.000000000000
127 127 0
0.725821535001 -0.081704630356 0.683013508437 -3.720036592926
0.058269399696 0.996654975844 0.057302148171 0.185476376310
-0.685410662587 -0.001792346024 0.728154524196 -2.575439104824
0.000000000000 0.000000000000 0.000000000000 1.000000000000
128 128 0
0.802262016431 -0.073631336730 0.592413777054 -3.544468024602
0.049217390226 0.997144020165 0.057283955413 0.183223303814
-0.594939749464 -0.016799681539 0.803594714522 -2.834564834797
0.000000000000 0.000000000000 0.000000000000 1.000000000000
129 129 0
0.843712974990 -0.066422510980 0.532669189900 -3.340329862884
0.040996933424 0.997389925800 0.059435573211 0.235510424834
-0.535226743805 -0.028308760979 0.844233940782 -3.047640612529
0.000000000000 0.000000000000 0.000000000000 1.000000000000
130 130 0
0.892763011341 -0.064307433606 0.445913399175 -3.132634636997
0.033652014705 0.996513976133 0.076337653084 0.242283671072
-0.449268012980 -0.053145548780 0.891814892877 -3.300441419064
0.000000000000 0.000000000000 0.000000000000 1.000000000000
131 131 0
0.933313653413 -0.050750444835 0.355457475236 -2.902618225233
0.023805458417 0.996528668420 0.079774138464 0.257116970299
-0.358272137491 -0.065992464472 0.931281949858 -3.433026908407
0.000000000000 0.000000000000 0.000000000000 1.000000000000
132 132 0
0.935474157093 -0.046721993206 0.350292958483 -2.658409348640
0.019664922896 0.996568201265 0.080405914180 0.249988577809
-0.352847548127 -0.068329170773 0.933182582457 -3.446207658211
0.000000000000 0.000000000000 0.000000000000 1.000000000000
133 133 0
0.937221351579 -0.047337095038 0.345507362551 -2.391576031579
0.019610390316 0.996330728773 0.083309732295 0.253285570004
-0.348183243042 -0.071304125665 0.934710731151 -3.425600768952
0.000000000000 0.000000000000 0.000000000000 1.000000000000
134 134 0
0.952425374599 -0.043710804327 0.301621072548 -2.163092134360
0.020282867828 0.996558401268 0.080373864745 0.231126395697
-0.304096220122 -0.070432367889 0.950034089105 -3.455577764939
0.000000000000 0.000000000000 0.000000000000 1.000000000000
135 135 0
0.976139132390 -0.032468541114 0.214704885958 -1.904989446934
0.017837192306 0.997405973426 0.069736351678 0.292249448683
-0.216412173380 -0.064242649483 0.974186149152 -3.570365063867
0.000000000000 0.000000000000 0.000000000000 1.000000000000
136 136 0
0.995622461551 -0.010870814267 0.092831780404 -1.750034980818
0.009135654741 0.999775916283 0.019095995200 0.333130994944
-0.093018567331 -0.018164322652 0.995498670775 -3.623187823747
0.000000000000 0.000000000000 0.000000000000 1.000000000000
137 137 0
0.999169292878 -0.002513901448 0.040674371154 -1.616633717000
0.003184132331 0.999860086681 -0.016421582230 0.352451287314
-0.040627398028 0.016537453285 0.999037500381 -3.685087445132
0.000000000000 0.000000000000 0.000000000000 1.000000000000
138 138 0
0.999310822059 -0.001819076368 0.037075219173 -1.525440819948
0.002476198220 0.999840527509 -0.017685813298 0.387397097073
-0.037037134850 0.017765430218 0.999155963867 -3.750590321111
0.000000000000 0.000000000000 0.000000000000 1.000000000000
139 139 0
0.999013602259 -0.004493847155 0.044177232135 -1.401510105602
0.005008728679 0.999920738833 -0.011551133646 0.400596340110
-0.044121821567 0.011761011403 0.998956927736 -3.763208372719
0.000000000000 0.000000000000 0.000000000000 1.000000000000
140 140 0
0.999311007825 -0.007278751127 0.036394084990 -1.199672646338
0.007374991907 0.999969652084 -0.002510857531 0.430221641148
-0.036374704598 0.002777533652 0.999334361549 -3.923571868154
0.000000000000 0.000000000000 0.000000000000 1.000000000000
141 141 0
0.999944968233 -0.008959988442 0.005457024135 -1.000905616870
0.008916379112 0.999928533979 0.007963988853 0.457057436744
-0.005527991391 -0.007914893685 0.999953396799 -4.005100726151
0.000000000000 0.000000000000 0.000000000000 1.000000000000
142 142 0
0.996945437694 -0.003731704982 -0.078011977542 -0.799904959265
0.004966544304 0.999865340044 0.015640818920 0.440781960738
0.077943105530 -0.015980493006 0.996829722743 -4.159062822919
0.000000000000 0.000000000000 0.000000000000 1.000000000000
143 143 0
0.993647385476 -0.001896795630 -0.112522333352 -0.527542724494
0.004268553359 0.999773691855 0.020840933933 0.436968025898
0.112457337639 -0.021188847097 0.993430611553 -4.216075329511
0.000000000000 0.000000000000 0.000000000000 1.000000000000
144 144 0
0.990603928938 -0.001267002568 -0.136756172355 -0.224487636581
0.003561128702 0.999856996210 0.016531953647 0.417976157733
0.136715669676 -0.016863624566 0.990466780781 -4.326595116821
0.000000000000 0.000000000000 0.000000000000 1.000000000000
145 145 0
0.984168225959 -0.001194810916 -0.177232828337 0.032770126506
0.001557627492 0.999996966662 0.001907999761 0.404732748525
0.177230011031 -0.002153855466 0.984167101714 -4.307003785906
0.000000000000 0.000000000000 0.000000000000 1.000000000000
146 146 0
0.965879151891 -0.001568868727 -0.258988421735 0.295666866596
-0.002586920181 0.999873327899 -0.015704649028 0.397510796994
0.258980253660 0.015838775459 0.965752743411 -4.293790597643
0.000000000000 0.000000000000 0.000000000000 1.000000000000
147 147 0
0.921979619652 0.003991328790 -0.387217833062 0.494274130153
-0.011616703804 0.999781915942 -0.017354329362 0.371141546811
0.387064120191 0.020498532859 0.921824916680 -4.106500775569
0.000000000000 0.000000000000 0.000000000000 1.000000000000
148 148 0
0.850939599578 0.008625700554 -0.525192721922 0.668612618635
-0.021555239968 0.999596341122 -0.018507470016 0.339204304306
0.524821083322 0.027069394275 0.850782039299 -3.849282001204
0.000000000000 0.000000000000 0.000000000000 1.000000000000
149 149 0
0.775071050556 0.012400952439 -0.631752390553 0.831706131883
-0.028700158904 0.999466451807 -0.015592068231 0.319253651409
0.631221963710 0.030216354701 0.775013422103 -3.578970902872
0.000000000000 0.000000000000 0.000000000000 1.000000000000
150 150 0
0.669724302794 0.012310764964 -0.742507779968 0.987027757887
-0.036300878285 0.999209985335 -0.016175643469 0.292775656208
0.741722053388 0.037786906091 0.669642102355 -3.329182005014
0.000000000000 0.000000000000 0.000000000000 1.000000000000
151 151 0
0.549198470124 0.015656987269 -0.835545270565 0.984663459001
-0.044023803888 0.998978236187 -0.010217060067 0.281408657961
0.834531572263 0.042395074889 0.549326599138 -3.049713257166
0.000000000000 0.000000000000 0.000000000000 1.000000000000
152 152 0
0.530942310118 0.014631683381 -0.847281639815 0.978863114638
-0.042803695734 0.999037664005 -0.009570241969 0.260002510948
0.846326241445 0.041348031891 0.531057655346 -2.747385550084
0.000000000000 0.000000000000 0.000000000000 1.000000000000
153 153 0
0.515862894332 0.013457081821 -0.856565456460 0.971212745669
-0.040982194317 0.999119480040 -0.008984673298 0.215312475655
0.855690325995 0.039738791554 0.515960167498 -2.453651349467
0.000000000000 0.000000000000 0.000000000000 1.000000000000
154 154 0
0.509399962365 0.007335957406 -0.860498612475 1.139577777046
-0.038121319644 0.999174355212 -0.014048945699 0.210875242302
0.859685083813 0.039959875069 0.509259035319 -2.252954997233
0.000000000000 0.000000000000 0.000000000000 1.000000000000
155 155 0
0.538440971639 0.006207811588 -0.842640364056 1.279137663780
-0.034594589507 0.999292667161 -0.014743803310 0.234507615031
0.841952810101 0.037089465276 0.538274871351 -2.113372316066
0.000000000000 0.000000000000 0.000000000000 1.000000000000
156 156 0
0.547623758964 0.024434794048 -0.836367837412 1.434847142173
-0.031718736736 0.999461272060 0.008431333901 0.258472691976
0.836123280598 0.021911332485 0.548103779544 -2.032845450775
0.000000000000 0.000000000000 0.000000000000 1.000000000000
157 157 0
0.551908480075 0.116347343399 -0.825748342599 1.545370229001
-0.033372692852 0.992507454091 0.117538151022 0.275819960078
0.833236636852 -0.037312856471 0.551656104606 -1.949938908096
0.000000000000 0.000000000000 0.000000000000 1.000000000000
158 158 0
0.726433716481 0.117928037293 -0.677042859485 1.597054121647
-0.041012135021 0.990850305903 0.128583342904 0.272971166204
0.686011705688 -0.065640302495 0.724623550782 -1.900308406999
0.000000000000 0.000000000000 0.000000000000 1.000000000000
159 159 0
0.814446800249 0.100111318080 -0.571536642356 1.703223267169
-0.024636939281 0.990081608269 0.138316413309 0.261988038773
0.579714956497 -0.098570446687 0.808835234305 -1.825252357995
0.000000000000 0.000000000000 0.000000000000 1.000000000000
160 160 0
0.834934315560 0.086587511090 -0.543495438457 1.835185148319
-0.011049500068 0.989984117209 0.140745714753 0.235309548808
0.550238672985 -0.111508074131 0.827528460027 -1.700535774886
0.000000000000 0.000000000000 0.000000000000 1.000000000000
161 161 0
0.879547751589 0.069787854236 -0.470664857490 2.017560798547
-0.003712532673 0.990161710125 0.139878536254 0.205428385303
0.475796143086 -0.121282493396 0.871153595539 -1.600770141396
0.000000000000 0.000000000000 0.000000000000 1.000000000000
162 162 0
0.882334735119 0.047284400845 -0.468240964290 2.148450994604
0.002271453164 0.994500423044 0.104707922648 0.151313213910
0.470616888459 -0.093451024614 0.877374863041 -1.468826042496
0.000000000000 0.000000000000 0.000000000000 1.000000000000
163 163 0
0.877343675999 -0.010037953360 -0.479757557186 2.223803249936
0.005436054531 0.999924937660 -0.010980362359 0.099961498433
0.479831765826 0.007025563233 0.877332387391 -1.393593860747
0.000000000000 0.000000000000 0.000000000000 1.000000000000
164 164 0
0.833245360770 -0.076970072817 -0.547519658685 2.350117772738
0.000572067545 0.990382270078 -0.138356900278 0.079710393238
0.552903103170 0.114972027060 0.825275464011 -1.338679204618
0.000000000000 0.000000000000 0.000000000000 1.000000000000
165 165 0
0.718027064297 -0.135455818618 -0.682707006072 2.342390684638
-0.020351616286 0.976374048151 -0.215126776140 0.081451615432
0.695717576788 0.168361038547 0.698306246605 -1.222666734152
0.000000000000 0.000000000000 0.000000000000 1.000000000000
166 166 0
0.537669504904 -0.166631186773 -0.826526195042 2.399731153190
-0.042557307880 0.973664330991 -0.223979119791 0.089292128266
0.842080981285 0.155601472200 0.516418244069 -1.158147118882
0.000000000000 0.000000000000 0.000000000000 1.000000000000
167 167 0
0.353259569695 -0.184032960619 -0.917245630039 2.489026116490
-0.049070411807 0.975465803907 -0.214612581394 0.108193638842
0.934237534626 0.120823568949 0.335562056977 -1.072762596384
0.000000000000 0.000000000000 0.000000000000 1.000000000000
168 168 0
0.231989132003 -0.184473994671 -0.955065645871 2.531850340366
-0.044128547548 0.978845330429 -0.199786111600 0.106146279966
0.971716889801 0.088493866382 0.218940909126 -0.875378763212
0.000000000000 0.000000000000 0.000000000000 1.000000000000
169 169 0
0.137680919136 -0.128832971742 -0.982062131384 2.641181953269
-0.039716951006 0.989989037373 -0.135441019205 0.114146827775
0.989680013089 0.057652157570 0.131185747773 -0.720127594152
0.000000000000 0.000000000000 0.000000000000 1.000000000000
170 170 0
0.032261627316 -0.069157187182 -0.997083983857 2.641655411729
-0.036790997249 0.996845008041 -0.070331020646 0.108830739490
0.998802087465 0.038952707284 0.029615480258 -0.527314104733
0.000000000000 0.000000000000 0.000000000000 1.000000000000
171 171 0
-0.015091984581 -0.030122151699 -0.999432282838 2.676985250162
-0.034208838411 0.998976515350 -0.029591842674 0.039361259508
0.999300749212 0.033742817833 -0.016106981987 -0.385037731597
0.000000000000 0.000000000000 0.000000000000 1.000000000000
172 172 0
-0.130546845226 0.074224503080 -0.988659822358 2.643878779599
-0.033916919797 0.996275638772 0.079274801429 0.039989755600
0.990861828790 0.043881371134 -0.127543175100 -0.358995691783
0.000000000000 0.000000000000 0.000000000000 1.000000000000
173 173 0
-0.253325970641 0.163359449553 -0.953488145097 2.651138268380
-0.032165263157 0.983671348929 0.177076461287 -0.014747413884
0.966846083120 0.075527263537 -0.243934999575 -0.290541651744
0.000000000000 0.000000000000 0.000000000000 1.000000000000
174 174 0
-0.244300246649 0.167636353617 -0.955099702876 2.684357038143
-0.039766620648 0.982383337639 0.182596806682 -0.018380320717
0.968883896744 0.082589532475 -0.233330160408 -0.178641668006
0.000000000000 0.000000000000 0.000000000000 1.000000000000
175 175 0
-0.114302322426 0.170008040941 -0.978791216299 2.678805040503
-0.048911035997 0.983090661171 0.176466604423 -0.062943584061
0.992241245689 0.068044235130 -0.104054276317 0.009447446765
0.000000000000 0.000000000000 0.000000000000 1.000000000000
176 176 0
-0.085313540550 0.130796747743 -0.987731649072 2.762240342185
-0.039504123419 0.990122382884 0.134525429360 -0.103694438246
0.995570702678 0.050496313643 -0.079303835196 0.209163153681
0.000000000000 0.000000000000 0.000000000000 1.000000000000
177 177 0
-0.071487812868 0.124286062044 -0.989667857108 2.920393765118
-0.032781561234 0.991377674391 0.126868735163 -0.107114916413
0.996902634089 0.041512425858 -0.066797130515 0.398087669808
0.000000000000 0.000000000000 0.000000000000 1.000000000000
178 178 0
-0.033021485746 0.108951754744 -0.993498412992 3.147232385040
-0.029514074046 0.993500708948 0.109932983009 -0.095787763555
0.999018769049 0.032952336157 -0.029591259343 0.620869586253
0.000000000000 0.000000000000 0.000000000000 1.000000000000
179 179 0
-0.040017012092 0.076691605715 -0.996251492524 3.301425943092
-0.025592749794 0.996644356032 0.077749847252 -0.089384117843
0.998871187842 0.028608131758 -0.037919980170 0.688277447560
0.000000000000 0.000000000000 0.000000000000 1.000000000000
180 180 0
-0.050141598714 0.069767873042 -0.996302295475 3.318877238839
-0.022785079444 0.997217562108 0.070978686790 -0.115553746750
0.998482178225 0.026259811783 -0.048412416300 0.866435715106
0.000000000000 0.000000000000 0.000000000000 1.000000000000
181 181 0
-0.126857298909 0.075925751005 -0.989010872563 3.370960689094
-0.021195868578 0.996631037894 0.079229473443 -0.115620010339
0.991694489684 0.031013781472 -0.124820609237 1.004449907528
0.000000000000 0.000000000000 0.000000000000 1.000000000000
182 182 0
-0.184272861384 0.088833581680 -0.978852444101 3.367824923941
-0.022064353093 0.995282375261 0.094478345755 -0.131518669331
0.982627435440 0.039007541063 -0.181443475662 1.138200969643
0.000000000000 0.000000000000 0.000000000000 1.000000000000
183 183 0
-0.259655093230 0.093320620989 -0.961181821644 3.462119485907
-0.022815625957 0.994449236912 0.102713983549 -0.120645920831
0.965431861797 0.048600173893 -0.256084640940 1.227233064936
0.000000000000 0.000000000000 0.000000000000 1.000000000000
184 184 0
-0.273457564040 0.102148304390 -0.956444815230 3.494985070635
-0.023468245123 0.993340685454 0.112798599696 -0.132969845108
0.961597734055 0.053291711671 -0.269239282659 1.332228164616
0.000000000000 0.000000000000 0.000000000000 1.000000000000
185 185 0
-0.306061853396 0.103688252863 -0.946348185455 3.568975275017
-0.022854301614 0.992964354737 0.116187224425 -0.180815073285
0.951737265633 0.057188604110 -0.301538788162 1.503908690770
0.000000000000 0.000000000000 0.000000000000 1.000000000000
186 186 0
-0.310030638692 0.099773459843 -0.945476736775 3.611174102252
-0.021808529406 0.993470074655 0.111989279885 -0.166469772790
0.950476402189 0.055339565187 -0.305830249334 1.735215100043
0.000000000000 0.000000000000 0.000000000000 1.000000000000
187 187 0
-0.333705150705 0.098316180534 -0.937536559841 3.425363096303
-0.018681423537 0.993661415601 0.110851231658 -0.152454965014
0.942492374933 0.054506144522 -0.329753246234 1.889608151793
0.000000000000 0.000000000000 0.000000000000 1.000000000000
188 188 0
-0.470766449747 0.095866642449 -0.877033942706 3.384328662245
-0.011706883838 0.993312620907 0.114860724432 -0.103997006102
0.882180196255 0.064339909945 -0.466495956386 2.080829496681
0.000000000000 0.000000000000 0.000000000000 1.000000000000
189 189 0
-0.620777088050 0.095242456658 -0.778180365598 3.282987864321
-0.009130491147 0.991647685107 0.128652643784 -0.093783383618
0.783933951990 0.086969782517 -0.614722551925 2.285427899199
0.000000000000 0.000000000000 0.000000000000 1.000000000000
190 190 0
-0.713365863882 0.091414865030 -0.694803905213 3.069694574662
-0.008406938391 0.990267867744 0.138920385473 -0.113589341919
0.700741370004 0.104942234419 -0.705654773810 2.422653626996
0.000000000000 0.000000000000 0.000000000000 1.000000000000
191 191 0
-0.743451501130 0.107817705878 -0.660041822741 2.826825294902
-0.009782934632 0.985060817935 0.171928703710 -0.155089608354
0.668718296189 0.134277798867 -0.731290170229 2.617896965210
0.000000000000 0.000000000000 0.000000000000 1.000000000000
192 192 0
-0.754439436840 0.118334423321 -0.645614513775 2.652940442644
-0.011257223595 0.981136754107 0.192986902814 -0.189949196802
0.656273122303 0.152864757215 -0.738876143169 2.763498737112
0.000000000000 0.000000000000 0.000000000000 1.000000000000
193 193 0
-0.760240588167 0.121723878938 -0.638135992873 2.453348494042
-0.009139263024 0.980188079762 0.197858035377 -0.203109809158
0.649577341027 0.156251801872 -0.744066295727 2.926784381059
0.000000000000 0.000000000000 0.000000000000 1.000000000000
194 194 0
-0.767487731233 0.126769880640 -0.628404312342 2.253429040195
-0.006547246715 0.978651460278 0.205422620118 -0.212739802916
0.641030198952 0.161773658728 -0.750272995232 3.054018486898
0.000000000000 0.000000000000 0.000000000000 1.000000000000
195 195 0
-0.793691219795 0.127353203605 -0.594840658623 2.064685126723
-0.001827260120 0.977336816798 0.211682327205 -0.236929343914
0.608318098317 0.169097333101 -0.775470942846 3.145576574553
0.000000000000 0.000000000000 0.000000000000 1.000000000000
196 196 0
-0.817761638728 0.127232738590 -0.561317853320 1.864268944971
0.002351244879 0.975990525880 0.217800287052 -0.234700990806
0.575552233835 0.176788923928 -0.798426767152 3.268177149196
0.000000000000 0.000000000000 0.000000000000 1.000000000000
197 197 0
-0.855913900781 0.126866877248 -0.501314462096 1.691628373979
0.007139659841 0.972245317692 0.233854799999 -0.229921908253
0.517069066670 0.196580359351 -0.833064068731 3.333949925078
0.000000000000 0.000000000000 0.000000000000 1.000000000000
198 198 0
-0.907665959967 0.117096250761 -0.403027261081 1.562448517336
0.016143620646 0.969320227033 0.245270628037 -0.247597250345
0.419382747177 0.216117480836 -0.881709331836 3.432756233661
0.000000000000 0.000000000000 0.000000000000 1.000000000000
199 199 0
-0.953450929008 0.097697077715 -0.285283380132 1.330280476890
0.020080342978 0.964532484170 0.263199291044 -0.284601978726
0.300878888922 0.245219020442 -0.921596183919 3.490013902115
0.000000000000 0.000000000000 0.000000000000 1.000000000000
200 200 0
-0.979930110022 0.076026252985 -0.184274220468 1.102984950169
0.024231645071 0.962990565900 0.268443657710 -0.299494199115
0.197863101283 0.258590755528 -0.945505692371 3.552712382400
0.000000000000 0.000000000000 0.000000000000 1.000000000000
201 201 0
-0.998519174109 0.028282636929 0.046470973568 0.955078309113
0.039790392075 0.962217124317 0.269360224179 -0.303995667280
-0.037096949128 0.270810446844 -0.961917625499 3.544652581748
0.000000000000 0.000000000000 0.000000000000 1.000000000000
202 202 0
-0.984839671789 -0.016548057497 0.172675946973 0.836280242277
0.029966474891 0.964243796204 0.263317131734 -0.326095288854
-0.170859097659 0.264499647023 -0.949129656829 3.433981120307
0.000000000000 0.000000000000 0.000000000000 1.000000000000
203 203 0
-0.963533437814 -0.027472643324 0.266173943284 0.622846872657
0.027177189946 0.979525031594 0.199479605039 -0.334072785428
-0.266204272244 0.199439129432 -0.943058491871 3.384255561965
0.000000000000 0.000000000000 0.000000000000 1.000000000000
204 204 0
-0.951530236271 -0.028560583451 0.306226227706 0.409649474519
0.023631345221 0.985945972999 0.165384696541 -0.330738920310
-0.306645999460 0.164605077078 -0.937482479631 3.273488023752
0.000000000000 0.000000000000 0.000000000000 1.000000000000
205 205 0
-0.946389700823 -0.000714631402 0.323026351059 0.226246681479
0.028375162936 0.995948120604 0.085335755652 -0.359335175221
-0.321778470853 0.089926805605 -0.942534766112 3.236867279738
0.000000000000 0.000000000000 0.000000000000 1.000000000000
206 206 0
-0.909604281701 0.036031067458 0.413910392343 0.072560201089
0.037792937727 0.999277846990 -0.003934256230 -0.376097328381
-0.413753241159 0.012064273370 -0.910309128120 3.226778938867
0.000000000000 0.000000000000 0.000000000000 1.000000000000
207 207 0
-0.892106706234 0.078351048969 0.444979480221 -0.135049070185
0.047360761916 0.995640102365 -0.080360094537 -0.386323743577
-0.449335712940 -0.050615212029 -0.891927977691 3.180640348118
0.000000000000 0.000000000000 0.000000000000 1.000000000000
208 208 0
-0.888119730899 0.099881034790 0.448628044685 -0.377373852009
0.055422574176 0.992251970189 -0.111195170437 -0.374393795876
-0.456258349907 -0.073890503762 -0.886774216807 3.247099235013
0.000000000000 0.000000000000 0.000000000000 1.000000000000
209 209 0
-0.931785559348 0.096183457701 0.350034875197 -0.487263648366
0.066508495163 0.993170266486 -0.095861576453 -0.360744896312
-0.356864528163 -0.066042139832 -0.931818729317 3.133151315749
0.000000000000 0.000000000000 0.000000000000 1.000000000000
210 210 0
-0.976467613819 0.076137368498 0.201777353240 -0.566222232868
0.068429072041 0.996644360744 -0.044916370036 -0.342497114110
-0.204520075449 -0.030051943629 -0.978400950236 3.041008804005
0.000000000000 0.000000000000 0.000000000000 1.000000000000
211 211 0
-0.983308984527 0.064382508005 0.170171482955 -0.673827688132
0.063747974088 0.997923660426 -0.009195855634 -0.308760289450
-0.170410201419 0.001805719821 -0.985371555622 2.923695211491
0.000000000000 0.000000000000 0.000000000000 1.000000000000
212 212 0
-0.983949100841 0.057526489671 0.168922674439 -0.732328089310
0.061434192818 0.997948921745 0.017994152978 -0.232070456535
-0.167541060359 0.028082958796 -0.985465037695 2.772406115903
0.000000000000 0.000000000000 0.000000000000 1.000000000000
213 213 0
-0.984365285248 0.056623940417 0.166789431828 -0.793610092485
0.061501823579 0.997812992116 0.024223097673 -0.155399951645
-0.165053054786 0.034102230661 -0.985694946203 2.649964425522
0.000000000000 0.000000000000 0.000000000000 1.000000000000
214 214 0
-0.996279339940 0.048950320809 0.070931959667 -0.947756592897
0.055649837702 0.993845917919 0.095777800135 -0.074782574411
-0.065807084522 0.099368795542 -0.992872232515 2.537769949782
0.000000000000 0.000000000000 0.000000000000 1.000000000000
215 215 0
-0.994282590120 0.061483110192 -0.087303826633 -0.914798847743
0.046559767780 0.985409260530 0.163709429436 0.061590736812
0.096095364134 0.158708589632 -0.982637911221 2.491135633928
0.000000000000 0.000000000000 0.000000000000 1.000000000000
216 216 0
-0.987786835736 0.071177708841 -0.138603394298 -0.906410040326
0.046593524243 0.983792181785 0.173153072617 0.169412669230
0.148681574667 0.164580305086 -0.975093386570 2.476808972425
0.000000000000 0.000000000000 0.000000000000 1.000000000000
217 217 0
-0.987709357013 0.072663858611 -0.138384210516 -0.890145429032
0.048844999016 0.984519623994 0.168330852911 0.251796230129
0.148473540199 0.159502581868 -0.975968510885 2.518114367680
0.000000000000 0.000000000000 0.000000000000 1.000000000000
218 218 0
-0.995171990592 0.067412236163 -0.071332317762 -0.867805907929
0.055661686559 0.986263956250 0.155515868166 0.269114084572
0.080836166357 0.150794558978 -0.985254543350 2.523229472952
0.000000000000 0.000000000000 0.000000000000 1.000000000000
219 219 0
-0.988396315694 0.046027373130 0.144755670167 -0.825844091607
0.066641534809 0.987770795751 0.140953045019 0.275422313730
-0.136497725113 0.148964210415 -0.979376350059 2.527018022237
0.000000000000 0.000000000000 0.000000000000 1.000000000000
220 220 0
-0.929275085387 0.016783939182 0.369006930917 -0.795595828915
0.069076404055 0.989240833506 0.128961326480 0.278827498426
-0.362872244849 0.145330219535 -0.920436234189 2.530397768512
0.000000000000 0.000000000000 0.000000000000 1.000000000000
221 221 0
-0.819863972820 -0.013223488276 0.572405630152 -0.766925752175
0.067063115679 0.990633974858 0.118940600189 0.283926250894
-0.568617274261 0.135902417991 -0.811298297913 2.534435173452
0.000000000000 0.000000000000 0.000000000000 1.000000000000
222 222 0
-0.698370052313 -0.036739876197 0.714793292868 -0.753866088013
0.062221165280 0.991784407036 0.111768584817 0.283520915186
-0.713027206089 0.122531104042 -0.690346530316 2.545396375635
0.000000000000 0.000000000000 0.000000000000 1.000000000000
223 223 0
-0.614259258025 -0.047120718600 0.787696135454 -0.753596211073
0.056996002427 0.992958921560 0.103846212268 0.285587390638
-0.787043213323 0.108684028144 -0.607248517815 2.558412306871
0.000000000000 0.000000000000 0.000000000000 1.000000000000
224 224 0
-0.595640535531 -0.019255289685 0.803020290062 -0.774603127826
0.055308667125 0.996356766698 0.064916444731 0.292503968559
-0.801344684747 0.083080847821 -0.592405493689 2.558986272847
0.000000000000 0.000000000000 0.000000000000 1.000000000000
225 225 0
-0.585431087013 0.062614412998 0.808300610939 -0.793250596242
0.060919027719 0.997591887732 -0.033155657044 0.304389566672
-0.808430154324 0.029830534980 -0.587835712391 2.550292821757
0.000000000000 0.000000000000 0.000000000000 1.000000000000
226 226 0
-0.579557321589 0.148201950757 0.801342306873 -0.794335704289
0.068885516896 0.988714598074 -0.133034691409 0.313085083778
-0.812014837644 -0.021900350412 -0.583225752259 2.560938976325
0.000000000000 0.000000000000 0.000000000000 1.000000000000
227 227 0
-0.616876434992 0.206575026873 0.759467064608 -0.789549762750
0.079915966531 0.976394367830 -0.200667577756 0.336507508452
-0.782992274703 -0.063093555468 -0.618823319707 2.555981265301
0.000000000000 0.000000000000 0.000000000000 1.000000000000
228 228 0
-0.708721764594 0.206906309535 0.674465150668 -0.708216551629
0.093779959863 0.975171995028 -0.200611313840 0.334702697475
-0.699227273151 -0.078926289584 -0.710529282503 2.541533261986
0.000000000000 0.000000000000 0.000000000000 1.000000000000
229 229 0
-0.791309486412 0.191261262270 0.580730941374 -0.647489430266
0.096243098820 0.976936926436 -0.190608257152 0.330898392094
-0.603793476815 -0.094938776694 -0.791467034080 2.553775111497
0.000000000000 0.000000000000 0.000000000000 1.000000000000
230 230 0
-0.796486234289 0.200627203073 0.570401967016 -0.654765489680
0.086990528793 0.971555706547 -0.220254754720 0.318923125801
-0.598366381483 -0.125810311436 -0.791283412595 2.567779677039
0.000000000000 0.000000000000 0.000000000000 1.000000000000
231 231 0
-0.795874156679 0.251427296363 0.550789107894 -0.691259861946
0.085127042261 0.947131721427 -0.309345905004 0.306902077397
-0.599447840439 -0.199313363603 -0.775200922137 2.566881683657
0.000000000000 0.000000000000 0.000000000000 1.000000000000
232 232 0
-0.804064215094 0.300706236096 0.512890336795 -0.716474375557
0.090707604718 0.914610444605 -0.394030284453 0.308102434595
-0.587582222715 -0.270302597458 -0.762681871658 2.563186313748
0.000000000000 0.000000000000 0.000000000000 1.000000000000
233 233 0
-0.891584832996 0.252865599639 0.375680015560 -0.717665678428
0.092111128616 0.913504004383 -0.396265029950 0.305669450043
-0.443386992995 -0.318699580318 -0.837758050960 2.558656143421
0.000000000000 0.000000000000 0.000000000000 1.000000000000
234 234 0
-0.941794890001 0.202484232205 0.268370119193 -0.732778784256
0.085734118346 0.916536032494 -0.390655042321 0.308987166346
-0.325072370587 -0.344908447052 -0.880548759032 2.542254389087
0.000000000000 0.000000000000 0.000000000000 1.000000000000
235 235 0
-0.964858809997 0.164536161806 0.204878813518 -0.730545740005
0.077091852547 0.922631634463 -0.377899078273 0.316814354683
-0.251205738472 -0.348824767680 -0.902893658418 2.530439533506
0.000000000000 0.000000000000 0.000000000000 1.000000000000
236 236 0
-0.972071772293 0.126979886403 0.197364074643 -0.735979386879
0.059420238094 0.946744744091 -0.316454775350 0.322607583145
-0.227036791767 -0.295889334018 -0.927849016381 2.526479998992
0.000000000000 0.000000000000 0.000000000000 1.000000000000
237 237 0
-0.974452955788 0.104785934864 0.198648797659 -0.721271051072
0.052878378155 0.966666191719 -0.250520160689 0.335562623369
-0.218278065963 -0.233615884825 -0.947511638070 2.520849920500
0.000000000000 0.000000000000 0.000000000000 1.000000000000
238 238 0
-0.975189123213 0.088458539801 0.202931665110 -0.720164153183
0.051149220445 0.981925293979 -0.182226436865 0.372416279306
-0.215383219439 -0.167325442718 -0.962087451848 2.516627890870
0.000000000000 0.000000000000 0.000000000000 1.000000000000
239 239 0
-0.975349746686 0.069042800005 0.209585217528 -0.719776209713
0.052001393591 0.994957387091 -0.085765103266 0.400056412846
-0.214449823277 -0.072752248358 -0.974021757280 2.511924271585
0.000000000000 0.000000000000 0.000000000000 1.000000000000
240 240 0
-0.977617576485 0.050092842418 0.204339377719 -0.737402737550
0.053812212707 0.998470530098 0.012682519042 0.420761936810
-0.203391543364 0.023394607588 -0.978817946517 2.499731641031
0.000000000000 0.000000000000 0.000000000000 1.000000000000
241 241 0
-0.990917112828 0.042740536306 0.127501066904 -0.775355176879
0.053531646336 0.995156823740 0.082445491107 0.414900223315
-0.123359792258 0.088521990034 -0.988405897865 2.495865675199
0.000000000000 0.000000000000 0.000000000000 1.000000000000
242 242 0
-0.998450584345 0.050398314658 0.023588991082 -0.819761237085
0.052639450710 0.992893228527 0.106733897961 0.382705357733
-0.018042140939 0.107810234322 -0.994007763816 2.488720812012
0.000000000000 0.000000000000 0.000000000000 1.000000000000
243 243 0
-0.998096211377 0.057873123224 -0.021322627516 -0.930457864415
0.053614566436 0.985025115932 0.163862745152 0.205031709230
0.030486572483 0.162407581693 -0.986252678732 2.491741976516
0.000000000000 0.000000000000 0.000000000000 1.000000000000
244 244 0
-0.998084049101 0.060369649578 -0.013554937850 -1.069623098311
0.053171918328 0.948917223725 0.311012619711 -0.024466885844
0.031638236858 0.309695992754 -0.950309114994 2.523981312330
0.000000000000 0.000000000000 0.000000000000 1.000000000000
245 245 0
-0.998376932187 0.056942892506 -0.001004126130 -1.268253688057
0.052371291713 0.924865466609 0.376671098544 -0.084246411564
0.022377423456 0.376007148426 -0.926346520073 2.512441719424
0.000000000000 0.000000000000 0.000000000000 1.000000000000
246 246 0
-0.997067932471 0.044757900869 0.062066644410 -1.592069847970
0.065007154492 0.923328294534 0.378469193433 -0.100619116607
-0.040368402289 0.381394272142 -0.923530617399 2.494396787062
0.000000000000 0.000000000000 0.000000000000 1.000000000000
247 247 0
-0.979691389559 0.004853878145 0.200452540743 -1.861850928490
0.080162814449 0.925818701603 0.369369266374 -0.091246120067
-0.183789837594 0.377936729664 -0.907405710787 2.390599422884
0.000000000000 0.000000000000 0.000000000000 1.000000000000
248 248 0
-0.922326949930 -0.057789490182 0.382064617909 -2.079685815221
0.090532606506 0.928915164027 0.359054961252 -0.055040740529
-0.375655220372 0.365755372982 -0.851531656806 2.273636373915
0.000000000000 0.000000000000 0.000000000000 1.000000000000
249 249 0
-0.754659583888 -0.177351446376 0.631692470206 -2.188461942329
0.060606064692 0.939816060413 0.336262810184 -0.037515977839
-0.653311424490 0.292048347125 -0.698492623850 2.087796881733
0.000000000000 0.000000000000 0.000000000000 1.000000000000
250 250 0
-0.514340515416 -0.250153956224 0.820290699927 -2.282709085581
0.047969504380 0.946621667457 0.318757502421 -0.037421866795
-0.856243400472 0.203298836411 -0.474886115045 1.983045682742
0.000000000000 0.000000000000 0.000000000000 1.000000000000
251 251 0
-0.306916423005 -0.278248408982 0.910153905770 -2.282328621849
0.034287519779 0.952455320403 0.302742842398 -0.045878486803
-0.951118644164 0.124123670325 -0.282783732184 1.854935842253
0.000000000000 0.000000000000 0.000000000000 1.000000000000
252 252 0
-0.128209709369 -0.195927634664 0.972200921826 -2.368126223510
0.018060189596 0.979667379658 0.199814050524 -0.077807615724
-0.991582623877 0.043176234319 -0.122064379796 1.761853809511
0.000000000000 0.000000000000 0.000000000000 1.000000000000
253 253 0
-0.072179906592 -0.072799333319 0.994731279368 -2.391001798403
0.046072647546 0.996024704399 0.076237125965 -0.090280492150
-0.996326940433 0.051332692269 -0.068538912101 1.739805884135
0.000000000000 0.000000000000 0.000000000000 1.000000000000
254 254 0
-0.060006523846 -0.022936777028 0.997934427383 -2.397344221326
0.053540740327 0.998222868095 0.026162850328 -0.096325622702
-0.996761057737 0.055000089742 -0.058671832315 1.699568880635
0.000000000000 0.000000000000 0.000000000000 1.000000000000
255 255 0
-0.068077414787 0.016667821824 0.997540800826 -2.358367657645
0.061697887112 0.998017028773 -0.012465191750 -0.101436859141
-0.995770473715 0.060697561690 -0.068970788621 1.531120952155
0.000000000000 0.000000000000 0.000000000000 1.000000000000
256 256 0
-0.076929754024 0.081449754118 0.993704055793 -2.376770999113
0.069128851639 0.994694892917 -0.076179208947 -0.104807703865
-0.994637127206 0.062833172440 -0.082152161410 1.314033401786
0.000000000000 0.000000000000 0.000000000000 1.000000000000
257 257 0
-0.060862327702 0.115824287056 0.991403304208 -2.339692170365
0.072161205939 0.991156143842 -0.111365429477 -0.101843308772
-0.995534297463 0.064762898740 -0.068682090261 1.082677793836
0.000000000000 0.000000000000 0.000000000000 1.000000000000
258 258 0
0.084501317199 0.113114134708 0.989982181618 -2.179966264449
0.067172789813 0.990628819649 -0.118921646426 -0.194605543109
-0.994156599184 0.076548900771 0.076111248120 0.917728540291
0.000000000000 0.000000000000 0.000000000000 1.000000000000
259 259 0
0.310498188644 0.074950971678 0.947614492657 -2.087369959693
0.052626997620 0.994002269269 -0.095863902537 -0.270804629424
-0.949116048737 0.079635673744 0.304691459508 0.802030120796
0.000000000000 0.000000000000 0.000000000000 1.000000000000
260 260 0
0.310096903915 -0.002979993939 0.950700283906 -2.175216214651
0.059120445301 0.998120125594 -0.016155117845 -0.265604282202
-0.948864944621 0.061215476158 0.309690139251 0.792467314380
0.000000000000 0.000000000000 0.000000000000 1.000000000000
261 261 0
0.304814017366 -0.072813620502 0.949624447604 -2.266991613790
0.065086493750 0.996334838751 0.055503490183 -0.221534824010
-0.950185330948 0.044889483853 0.308436008097 0.618422324990
0.000000000000 0.000000000000 0.000000000000 1.000000000000
262 262 0
0.307231542249 -0.082932543555 0.948014225983 -2.420680956228
0.067256289683 0.995596640052 0.065298712206 -0.221191467117
-0.949255166404 0.043698095348 0.311456426355 0.502729679165
0.000000000000 0.000000000000 0.000000000000 1.000000000000
263 263 0
0.304902010577 -0.089464990630 0.948172336339 -2.608585901653
0.069580612263 0.995010017683 0.071509461661 -0.344596572079
-0.949838566464 0.044171033057 0.309605583760 0.360550901778
0.000000000000 0.000000000000 0.000000000000 1.000000000000
264 264 0
0.292685314069 -0.094237044526 0.951553827362 -2.851409955214
0.070850072698 0.994533670882 0.076701008338 -0.303647225824
-0.953580397307 0.044968399129 0.297762101270 0.301078835731
0.000000000000 0.000000000000 0.000000000000 1.000000000000
265 265 0
0.254645860606 -0.103581456681 0.961470939503 -3.018424434481
0.074254374638 0.993405903296 0.087355590226 -0.222588957732
-0.964179326434 0.049148683893 0.260658077466 0.201861417297
0.000000000000 0.000000000000 0.000000000000 1.000000000000
266 266 0
0.253992497274 -0.111825239689 0.960720004526 -3.197541606622
0.076076966699 0.992526266739 0.095414385551 -0.119977932376
-0.964209576009 0.048854125729 0.260601550135 0.182089916645
0.000000000000 0.000000000000 0.000000000000 1.000000000000
267 267 0
0.257846293601 -0.115114547905 0.959303877683 -3.253594439923
0.079072446408 0.992060637097 0.097791822470 0.001954433681
-0.962944877496 0.050639245488 0.264901547222 0.070493924377
0.000000000000 0.000000000000 0.000000000000 1.000000000000
268 268 0
0.265419717478 -0.115506357283 0.957188933806 -3.320144376695
0.080764390008 0.991971861573 0.097308474210 0.087500110145
-0.960744235934 0.051479192628 0.272617691733 -0.045069905700
0.000000000000 0.000000000000 0.000000000000 1.000000000000
269 269 0
0.277374205756 -0.124634693287 0.952643555172 -3.346423624807
0.083079213038 0.990947417321 0.105456438712 0.092516220968
-0.957163201519 0.049893980940 0.285217805060 -0.260914790548
0.000000000000 0.000000000000 0.000000000000 1.000000000000
270 270 0
0.353899123074 -0.190800960916 0.915614768339 -3.395397037212
0.082932443539 0.981515747830 0.172479119230 0.048015034753
-0.931599495758 0.014893961035 0.363181152359 -0.563057894810
0.000000000000 0.000000000000 0.000000000000 1.000000000000
271 271 0
0.406913554640 -0.268408866048 0.873142622758 -3.297487482549
0.077197632656 0.962541091270 0.259913780182 0.025343768594
-0.910198815953 -0.038357896746 0.412391545979 -0.753140670073
0.000000000000 0.000000000000 0.000000000000 1.000000000000
272 272 0
0.469626070286 -0.320577550569 0.822606460088 -3.327225055669
0.069768420240 0.942308062143 0.327395607114 0.098375414604
-0.880104381108 -0.096361559198 0.464898621491 -0.950870122030
0.000000000000 0.000000000000 0.000000000000 1.000000000000
273 273 0
0.532932311565 -0.341313289455 0.774266355805 -3.293319539491
0.062346175049 0.928389630144 0.366340891927 0.107622484253
-0.843857870584 -0.146962352602 0.516048409717 -1.184468280396
0.000000000000 0.000000000000 0.000000000000 1.000000000000
274 274 0
0.588391159475 -0.325693381819 0.740080849969 -3.221431461951
0.055140153635 0.929320164665 0.365135036669 0.130293437357
-0.806694122272 -0.174034055821 0.564762552322 -1.490610351935
0.000000000000 0.000000000000 0.000000000000 1.000000000000
275 275 0
0.659453554951 -0.300841052226 0.688923559009 -3.122511780131
0.050024644367 0.931962407160 0.359087185229 0.175946855370
-0.750079025049 -0.202338164802 0.629635389131 -1.739291568690
0.000000000000 0.000000000000 0.000000000000 1.000000000000
276 276 0
0.707829665420 -0.256411491574 0.658202333436 -2.996469974742
0.037022054431 0.943977813739 0.327925684653 0.233225791055
-0.705412313642 -0.207747525035 0.677668380260 -1.938410037626
0.000000000000 0.000000000000 0.000000000000 1.000000000000
277 277 0
0.778065437914 -0.188820197168 0.599133630724 -2.812971070616
0.033789670264 0.964955268717 0.260229874456 0.269524665862
-0.627273809837 -0.182231343400 0.757178515923 -2.080442284069
0.000000000000 0.000000000000 0.000000000000 1.000000000000
278 278 0
0.838853442788 -0.134515282870 0.527475629955 -2.615548163771
0.024037476038 0.977195981595 0.210974437553 0.267374743812
-0.543826352127 -0.164297450465 0.822957621328 -2.140956788111
0.000000000000 0.000000000000 0.000000000000 1.000000000000
279 279 0
0.881150208098 -0.095463458246 0.463099383403 -2.409612063665
0.016201537391 0.984927669314 0.172206261226 0.271619385456
-0.472558801584 -0.144236660939 0.869415875566 -2.281290435389
0.000000000000 0.000000000000 0.000000000000 1.000000000000
280 280 0
0.898976062554 -0.070351683719 0.432310859860 -2.223974474754
0.010299273430 0.990138584482 0.139712234566 0.285098029872
-0.437876653776 -0.121145466768 0.890835457287 -2.328809118274
0.000000000000 0.000000000000 0.000000000000 1.000000000000
281 281 0
0.927418732583 -0.051626586493 0.370444584279 -2.018687726223
0.009753056737 0.993429308171 0.114031081510 0.288272327716
-0.373897542569 -0.102141594041 0.921828466922 -2.419149051425
0.000000000000 0.000000000000 0.000000000000 1.000000000000
282 282 0
0.933145547693 -0.049118359269 0.356127468195 -1.864980679947
0.008969926501 0.993494897383 0.113522813976 0.279132947536
-0.359386876831 -0.102738871209 0.927515928221 -2.459665521627
0.000000000000 0.000000000000 0.000000000000 1.000000000000
283 283 0
0.968681352289 -0.039564460586 0.245134842866 -1.670666286979
0.012536637946 0.993757941336 0.110851191881 0.274912525887
-0.247990464408 -0.104306315682 0.963130791778 -2.443781654029
0.000000000000 0.000000000000 0.000000000000 1.000000000000
284 284 0
0.997893315259 -0.009097641869 0.064235226108 -1.438830469379
0.002231257450 0.994345836184 0.106166753526 0.301179086814
-0.064837896719 -0.105799768319 0.992271362165 -2.536995068059
0.000000000000 0.000000000000 0.000000000000 1.000000000000
285 285 0
0.999824129635 0.007294101757 0.017277322677 -1.257826506608
-0.009021535055 0.994731689019 0.102115027134 0.311387429217
-0.016441462970 -0.102252936099 0.994622549189 -2.530299886509
0.000000000000 0.000000000000 0.000000000000 1.000000000000
286 286 0
0.999888271478 0.010513197549 0.010626252346 -1.117653999010
-0.011487702526 0.995291376152 0.096245047910 0.301110757978
-0.009564374119 -0.096356365819 0.995300946204 -2.564156288527
0.000000000000 0.000000000000 0.000000000000 1.000000000000
287 287 0
0.999942925433 0.010573533852 0.001531749786 -1.118189864269
-0.010669757511 0.995678362044 0.092253756739 0.295920322286
-0.000549681898 -0.092264834795 0.995734351175 -2.591755409551
0.000000000000 0.000000000000 0.000000000000 1.000000000000
288 288 0
0.999886332053 0.008307831262 -0.012581848578 -1.136638911096
-0.007189894172 0.996231974009 0.086430083786 0.297891449032
0.013252486397 -0.086329797296 0.996178466794 -2.573699292735
0.000000000000 0.000000000000 0.000000000000 1.000000000000
289 289 0
0.999583410128 0.005591705738 -0.028314996461 -1.115463616572
-0.003452317952 0.997173842405 0.075049380572 0.284682449331
0.028654627870 -0.074920363390 0.996777734227 -2.588391139500
0.000000000000 0.000000000000 0.000000000000 1.000000000000
290 290 0
0.999166162612 -0.003173724312 -0.040705122096 -0.964194205415
0.002722036128 0.999934162830 -0.011147220480 0.279080798563
0.040737820390 0.011027124698 0.999109019332 -2.596631051510
0.000000000000 0.000000000000 0.000000000000 1.000000000000
291 291 0
0.998512709281 -0.007837674204 -0.053953130280 -0.744855397527
0.006043060448 0.999425611124 -0.033345603149 0.257635436210
0.054183492176 0.032969966515 0.997986538228 -2.490450757944
0.000000000000 0.000000000000 0.000000000000 1.000000000000
292 292 0
0.984297877814 -0.006895371162 -0.176380672373 -0.496601673141
0.000724952166 0.999386205926 -0.035024075270 0.200957998229
0.176513914961 0.034346255411 0.983698720424 -2.456146178978
0.000000000000 0.000000000000 0.000000000000 1.000000000000
293 293 0
0.941432705303 0.004116619500 -0.337175792178 -0.279908718849
-0.010876519904 0.999775894922 -0.018162082671 0.176077522963
0.337025462987 0.020765677838 0.941266499947 -2.333315176857
0.000000000000 0.000000000000 0.000000000000 1.000000000000
294 294 0
0.875844550330 0.041727366072 -0.480785971695 -0.067271777445
-0.020863275993 0.998597398710 0.048661679024 0.178620216712
0.482142144365 -0.032589295962 0.875486659188 -2.286939178155
0.000000000000 0.000000000000 0.000000000000 1.000000000000
295 295 0
0.797441882863 0.122298223746 -0.590871887912 0.110847040708
-0.025473625601 0.985194785498 0.169535627599 0.160375225497
0.602857808986 -0.120143160834 0.788750963898 -2.192761785272
0.000000000000 0.000000000000 0.000000000000 1.000000000000
296 296 0
0.749633531546 0.161149472781 -0.641934899974 0.291972798588
-0.036368200303 0.978469421910 0.203162359687 0.056704592702
0.660853177634 -0.128951300146 0.739354204561 -2.005925051878
0.000000000000 0.000000000000 0.000000000000 1.000000000000
297 297 0
0.743814005550 0.161705636202 -0.648530656459 0.531068566136
-0.042254166848 0.979728161408 0.195824705102 -0.115192900302
0.667049706192 -0.118254035724 0.735568265020 -1.880447541611
0.000000000000 0.000000000000 0.000000000000 1.000000000000
298 298 0
0.742507543406 0.152587221189 -0.652226715119 0.825891420380
-0.042071940057 0.982409658714 0.181937391223 -0.204417661728
0.668515145562 -0.107649442148 0.735866222733 -1.801702954610
0.000000000000 0.000000000000 0.000000000000 1.000000000000
299 299 0
0.720195199095 0.150820102678 -0.677179571332 1.181520487814
-0.036982673410 0.983042589415 0.179609435343 -0.256475851158
0.692785072781 -0.104309942120 0.713560284003 -1.789418474273
0.000000000000 0.000000000000 0.000000000000 1.000000000000
300 300 0
0.671820296596 0.156015805533 -0.724097063594 1.541585783107
-0.032280592789 0.982804162581 0.181807429284 -0.263846276377
0.740010440744 -0.098767638616 0.665304066688 -1.662746595405
0.000000000000 0.000000000000 0.000000000000 1.000000000000
301 301 0
0.647460656614 0.164646601051 -0.744100930586 1.878975512221
-0.035104881621 0.981790637488 0.186694379742 -0.265031579541
0.761289922056 -0.094755690612 0.641450710245 -1.493054933654
0.000000000000 0.000000000000 0.000000000000 1.000000000000
302 302 0
0.698583570141 0.163196804425 -0.696669073918 2.138055136892
-0.040831764884 0.981148416504 0.188892963789 -0.288834337476
0.714362486771 -0.103511293190 0.692077777188 -1.343459623231
0.000000000000 0.000000000000 0.000000000000 1.000000000000
303 303 0
0.718014385351 0.158742290962 -0.677684460121 2.397515338772
-0.032764673133 0.980274306502 0.194907055300 -0.313610025585
0.695256656655 -0.117741959689 0.709052192934 -1.112074442072
0.000000000000 0.000000000000 0.000000000000 1.000000000000
304 304 0
0.718179745865 0.153457843884 -0.678725675645 2.680437785460
-0.025483230115 0.980525910283 0.194729412898 -0.336154265412
0.695390866788 -0.122554597690 0.708104450609 -0.929555981431
0.000000000000 0.000000000000 0.000000000000 1.000000000000
305 305 0
0.563380496556 0.173959883202 -0.807675909717 2.863576043259
-0.022129754913 0.980408620536 0.195727388802 -0.331262226138
0.825901138181 -0.092395323562 0.556192785045 -0.761893491197
0.000000000000 0.000000000000 0.000000000000 1.000000000000
306 306 0
0.330498601453 0.203971955835 -0.921502097486 3.062118870296
-0.044762143964 0.978656463417 0.200568883630 -0.340501659233
0.942744411230 -0.025039325984 0.332574814514 -0.483295025378
0.000000000000 0.000000000000 0.000000000000 1.000000000000
307 307 0
0.193774500119 0.216753935791 -0.956801533456 3.161737787028
-0.047456823598 0.976216284782 0.211541048548 -0.364887618985
0.979897593118 0.004415500654 0.199452275886 -0.243458757606
0.000000000000 0.000000000000 0.000000000000 1.000000000000
308 308 0
0.071731044226 0.225093997585 -0.971693032570 3.334358861261
-0.053242190187 0.973677741948 0.221623383288 -0.381732747825
0.996001971122 0.035837788535 0.081827418599 0.060040111916
0.000000000000 0.000000000000 0.000000000000 1.000000000000
309 309 0
0.012403476733 0.231909464661 -0.972658292498 3.503517353890
-0.061254979354 0.971082419454 0.230752599404 -0.402507198870
0.998045079778 0.056718029128 0.026250407665 0.360476693897
0.000000000000 0.000000000000 0.000000000000 1.000000000000
310 310 0
-0.061476103265 0.235205370284 -0.969999547689 3.646033050353
-0.057097017849 0.969417555925 0.238682912706 -0.418716649898
0.996474093632 0.070057376877 -0.046166488549 0.706508598749
0.000000000000 0.000000000000 0.000000000000 1.000000000000
311 311 0
-0.174354146856 0.238501486761 -0.955362586816 3.574438058589
-0.048043406329 0.967007515351 0.250176530400 -0.448091437924
0.983510275789 0.089518188472 -0.157143346504 1.041037938961
0.000000000000 0.000000000000 0.000000000000 1.000000000000
312 312 0
-0.282000018705 0.235102476065 -0.930162789623 3.630108045209
-0.043834694636 0.965341255204 0.257283463415 -0.439320531506
0.958412494178 0.113327343340 -0.261920606778 1.399785197063
0.000000000000 0.000000000000 0.000000000000 1.000000000000
313 313 0
-0.332634872787 0.238617198982 -0.912368277482 3.597604681379
-0.044652203107 0.962389437096 0.267979014335 -0.428555073354
0.941997994777 0.129878418977 -0.309469504347 1.836977597380
0.000000000000 0.000000000000 0.000000000000 1.000000000000
314 314 0
-0.445104488904 0.235206619349 -0.864036943754 3.579000689064
-0.031477926566 0.960182393857 0.277594867867 -0.486076235766
0.894925211454 0.150756813250 -0.419977676981 2.164664130660
0.000000000000 0.000000000000 0.000000000000 1.000000000000
315 315 0
-0.566273077111 0.222234623916 -0.793691737435 3.494709166318
-0.025007504738 0.957887791705 0.286051749179 -0.478399770152
0.823838228566 0.181831654105 -0.536868533925 2.463089232246
0.000000000000 0.000000000000 0.000000000000 1.000000000000
316 316 0
-0.701675544942 0.203101973914 -0.682935588341 3.520032621561
-0.013898336785 0.954426618782 0.298121897209 -0.484398939414
0.712361050216 0.218676513492 -0.666875038206 2.787249189414
0.000000000000 0.000000000000 0.000000000000 1.000000000000
317 317 0
-0.800484442942 0.175295679746 -0.573145776631 3.363327933231
-0.012003737317 0.951392550440 0.307746852557 -0.497429243350
0.599233315911 0.253226459183 -0.759470732465 3.038780961616
0.000000000000 0.000000000000 0.000000000000 1.000000000000
318 318 0
-0.863951348226 0.143163500624 -0.482796313145 3.288157041228
-0.012887566375 0.952137246242 0.305399042158 -0.515238229911
0.503410348057 0.270071983750 -0.820755228471 3.426554992356
0.000000000000 0.000000000000 0.000000000000 1.000000000000
319 319 0
-0.887424437809 0.127567376776 -0.442949694166 3.136042727301
-0.017414146726 0.950978751229 0.308765545690 -0.479205560578
0.460624157718 0.281719681765 -0.841700306661 3.704367748600
0.000000000000 0.000000000000 0.000000000000 1.000000000000
320 320 0
-0.903214054902 0.120323945957 -0.411978784716 3.032967633954
-0.017265472489 0.948934131955 0.315001455030 -0.456421020347
0.428842948510 0.291626749872 -0.855013195379 4.023308751592
0.000000000000 0.000000000000 0.000000000000 1.000000000000
321 321 0
-0.911799684978 0.123680633311 -0.391566642371 2.704846725059
-0.010098337346 0.946521042527 0.322484014544 -0.445477161454
0.410511093707 0.297994994920 -0.861788619643 4.189158936099
0.000000000000 0.000000000000 0.000000000000 1.000000000000
322 322 0
-0.916441162820 0.125517213116 -0.379975031154 2.416648243335
-0.003825695283 0.946743832316 0.321965029199 -0.430514077024
0.400151170365 0.296515674431 -0.867154827970 4.255024353427
0.000000000000 0.000000000000 0.000000000000 1.000000000000
323 323 0
-0.921601489678 0.113760333537 -0.371092011146 2.113389124820
0.004524415947 0.959167668193 0.282801898782 -0.412455987688
0.388111097346 0.258951676588 -0.884485050925 4.143807553960
0.000000000000 0.000000000000 0.000000000000 1.000000000000
324 324 0
-0.954058081446 0.092622300103 -0.284946112014 1.876736595016
0.020399299086 0.968892596500 0.246639423135 -0.621104780235
0.298926488999 0.229495633883 -0.926269241745 4.021771057181
0.000000000000 0.000000000000 0.000000000000 1.000000000000
325 325 0
-0.942740322309 0.084581653986 -0.322624593763 1.657333030367
0.011307792249 0.974859374780 0.222533892335 -0.661439621631
0.333335894447 0.206143501504 -0.919995672958 3.913915594555
0.000000000000 0.000000000000 0.000000000000 1.000000000000
326 326 0
-0.912362798301 0.098409993053 -0.397378405986 1.369156692848
0.010651722701 0.976055140072 0.217262293881 -0.663126779609
0.409244016548 0.193989269822 -0.891564634849 3.865720513677
0.000000000000 0.000000000000 0.000000000000 1.000000000000
327 327 0
-0.912608390362 0.102461981831 -0.395787150019 1.121889061235
0.018895466966 0.977621988940 0.209518992143 -0.658067612804
0.408397951964 0.183730207151 -0.894122096702 3.729794034252
0.000000000000 0.000000000000 0.000000000000 1.000000000000
328 328 0
-0.920932308358 0.102445601776 -0.376016731143 0.816429274027
0.026194645764 0.978921247199 0.202551307862 -0.600723303752
0.388841258042 0.176686418437 -0.904203730132 3.502876113098
0.000000000000 0.000000000000 0.000000000000 1.000000000000
329 329 0
-0.947592514812 0.094962796200 -0.305041789286 0.554919549453
0.035906350546 0.980409199999 0.193671202162 -0.560461945523
0.317457335501 0.172568444086 -0.932438186821 3.329291986699
0.000000000000 0.000000000000 0.000000000000 1.000000000000
330 330 0
-0.980289611622 0.080128841735 -0.180586948774 0.243796762376
0.045148866057 0.980730095780 0.190079086502 -0.523136360708
0.192337872607 0.178179257923 -0.965017251041 3.232704071548
0.000000000000 0.000000000000 0.000000000000 1.000000000000
331 331 0
-0.995730599231 0.061573312502 -0.068769913057 -0.064475862957
0.047674584850 0.981000986575 0.188053711206 -0.527444145623
0.079042442482 0.183972257492 -0.979748182320 3.134027449711
0.000000000000 0.000000000000 0.000000000000 1.000000000000
332 332 0
-0.998582319818 0.048383782137 -0.022189190476 -0.315268218923
0.043092816755 0.979539154465 0.196585996487 -0.653459201785
0.031246754902 0.195351105696 -0.980235474675 2.968262922904
0.000000000000 0.000000000000 0.000000000000 1.000000000000
333 333 0
-0.998933154080 0.040896561139 0.021448192641 -0.681238539753
0.044365371771 0.978803139276 0.199940311921 -0.636260331731
-0.012816687098 0.200678563455 -0.979573298279 2.753473396305
0.000000000000 0.000000000000 0.000000000000 1.000000000000
334 334 0
-0.995995752795 0.031451555306 0.083685483108 -0.986468552752
0.047733697936 0.978563749553 0.200335923242 -0.564844988611
-0.075590703764 0.203528346253 -0.976146637435 2.557412490905
0.000000000000 0.000000000000 0.000000000000 1.000000000000
335 335 0
-0.987799071601 0.020253095564 0.154411159779 -1.264642635065
0.051122249379 0.978733175169 0.198665264811 -0.546234182384
-0.147103738098 0.204135209957 -0.967827105579 2.420536108154
0.000000000000 0.000000000000 0.000000000000 1.000000000000
336 336 0
-0.973901277139 0.007793325845 0.226838194446 -1.549279234405
0.053955204815 0.978710856596 0.198024985933 -0.512772062479
-0.220465730354 0.205095887946 -0.953588243681 2.270723640976
0.000000000000 0.000000000000 0.000000000000 1.000000000000
337 337 0
-0.941909557326 -0.009698811851 0.335726553711 -1.773364437924
0.057888899336 0.979935778410 0.190721644091 -0.468031260924
-0.330840235086 0.199077380031 -0.922449421707 2.154936661555
0.000000000000 0.000000000000 0.000000000000 1.000000000000
338 338 0
-0.878671686725 -0.033583014055 0.476243895620 -1.962070624599
0.061230206700 0.981358388398 0.182171829073 -0.424451184285
-0.473483820987 0.189229740493 -0.860235535523 2.032832186831
0.000000000000 0.000000000000 0.000000000000 1.000000000000
339 339 0
-0.763896749910 -0.059413931359 0.642597650352 -2.137574313884
0.066298037170 0.983259064505 0.169723841390 -0.479109645210
-0.641923925200 0.172254453729 -0.747169376665 1.819472037321
0.000000000000 0.000000000000 0.000000000000 1.000000000000
340 340 0
-0.607364283031 -0.145152401730 0.781050195551 -2.280828681490
0.064912000204 0.970810910665 0.230895231574 -0.510194275586
-0.791767049029 0.190937047233 -0.580213739984 1.681599880067
0.000000000000 0.000000000000 0.000000000000 1.000000000000
341 341 0
-0.452541234392 -0.213335456316 0.865848955796 -2.352445927468
0.064959117284 0.960495882756 0.270606674513 -0.527966793006
-0.889374355520 0.178705462388 -0.420805909483 1.434441204950
0.000000000000 0.000000000000 0.000000000000 1.000000000000
342 342 0
-0.287091278426 -0.232339892456 0.929299075769 -2.449477127336
0.058901333089 0.964021206985 0.259217563920 -0.499896312287
-0.956090597596 0.129156056217 -0.263076951347 1.282476047685
0.000000000000 0.000000000000 0.000000000000 1.000000000000
343 343 0
-0.092334879313 -0.241745183681 0.965936610875 -2.544632320074
0.052153035817 0.967575102396 0.247140611955 -0.491194783289
-0.994361267808 0.073196225242 -0.076733185083 1.110061004432
0.000000000000 0.000000000000 0.000000000000 1.000000000000
344 344 0
0.052268140581 -0.233305526988 0.970997720161 -2.620293173878
0.039739215603 0.972042572007 0.231417443052 -0.443736958138
-0.997842089824 0.026490928305 0.060078236443 0.919893539834
0.000000000000 0.000000000000 0.000000000000 1.000000000000
345 345 0
0.141110966107 -0.217855447414 0.965725995962 -2.812506142525
0.028958882336 0.975977833030 0.215936686482 -0.371804916742
-0.989570148286 -0.002504688962 0.144030025186 0.760976413184
0.000000000000 0.000000000000 0.000000000000 1.000000000000
346 346 0
0.221423482687 -0.191156653963 0.956258738501 -3.009053874416
0.027687870430 0.981436445959 0.189778513996 -0.264263310086
-0.974784603462 -0.015544651459 0.222605796567 0.599954168523
0.000000000000 0.000000000000 0.000000000000 1.000000000000
347 347 0
0.267088352392 -0.171714062045 0.948250016036 -3.170472348121
0.029137147724 0.984985679527 0.170159448015 -0.233439772270
-0.963231456421 -0.017818305817 0.268081460266 0.469540248586
0.000000000000 0.000000000000 0.000000000000 1.000000000000
348 348 0
0.299688946628 -0.166297784495 0.939431520730 -3.204737657393
0.035659149792 0.985955359874 0.163157756087 -0.226519395415
-0.953370316459 -0.015397246739 0.301409960830 0.181537633479
0.000000000000 0.000000000000 0.000000000000 1.000000000000
349 349 0
0.345984739911 -0.165965041401 0.923444727518 -3.117527818301
0.043947965532 0.986017064245 0.160744907673 -0.169025483344
-0.937210294477 -0.015031768018 0.348440683440 -0.081951479828
0.000000000000 0.000000000000 0.000000000000 1.000000000000
350 350 0
0.412626841176 -0.160492372053 0.896650036778 -3.081883600436
0.050064951209 0.986863899294 0.153600601986 -0.102961007670
-0.909523276559 -0.018488990858 0.415241576212 -0.377685208715
0.000000000000 0.000000000000 0.000000000000 1.000000000000
351 351 0
0.475492009621 -0.152801255308 0.866348154706 -3.028995571874
0.053018203479 0.987987195722 0.145156368064 -0.059415749563
-0.878120959143 -0.023088470410 0.477881265219 -0.611443730966
0.000000000000 0.000000000000 0.000000000000 1.000000000000
352 352 0
0.596690759983 -0.140420445346 0.790090017327 -2.942928318624
0.055273304372 0.989424546686 0.134104169354 -0.148325820949
-0.800565424419 -0.036347832720 0.598141986724 -0.898280326096
0.000000000000 0.000000000000 0.000000000000 1.000000000000
353 353 0
0.698080689145 -0.118263490043 0.706184889647 -2.967541713982
0.046805290702 0.991693047391 0.119808866612 -0.259792002223
-0.714487659939 -0.050583067121 0.697817122974 -1.224744214184
0.000000000000 0.000000000000 0.000000000000 1.000000000000
354 354 0
0.781106704936 -0.102678720863 0.615897228267 -2.901938146004
0.037882783870 0.992362345506 0.117396209089 -0.184817202903
-0.623247310617 -0.068367064469 0.779030637591 -1.553992945817
0.000000000000 0.000000000000 0.000000000000 1.000000000000
355 355 0
0.859533416122 -0.083727665213 0.504174557716 -2.801991498256
0.028303517947 0.992773703591 0.116615969444 -0.111165861902
-0.510295225769 -0.085965408948 0.855691960359 -1.937291087080
0.000000000000 0.000000000000 0.000000000000 1.000000000000
356 356 0
0.886305693102 -0.073466047802 0.457236217065 -2.623682481051
0.020172838199 0.992524115602 0.120369998536 -0.079125526939
-0.462661080030 -0.097460862756 0.881161792894 -2.201348434036
0.000000000000 0.000000000000 0.000000000000 1.000000000000
357 357 0
0.891935121428 -0.066705652695 0.447215937845 -2.496751449336
0.016640597325 0.993230777009 0.114959619528 -0.027361023950
-0.451857089891 -0.095094581864 0.887007435603 -2.490195740989
0.000000000000 0.000000000000 0.000000000000 1.000000000000
358 358 0
0.906080906203 -0.065902588059 0.417940474592 -2.309619159295
0.019956450619 0.993352282722 0.113370994925 0.049367557259
-0.422633566454 -0.094382685376 0.901372718251 -2.764251637825
0.000000000000 0.000000000000 0.000000000000 1.000000000000
359 359 0
0.917486904306 -0.063318767665 0.392693919088 -2.167643528153
0.021931112588 0.993799508530 0.109002583204 0.146520697016
-0.397160933033 -0.091396228073 0.913186685605 -3.034817669730
0.000000000000 0.000000000000 0.000000000000 1.000000000000
360 360 0
0.945339691817 -0.056347909677 0.321181849035 -2.021392979904
0.024160761745 0.994353039366 0.103335815168 0.247766160691
-0.325190904957 -0.089927449533 0.941362804212 -3.320878822466
0.000000000000 0.000000000000 0.000000000000 1.000000000000
361 361 0
0.959791719651 -0.049193597697 0.276369037404 -1.888714376822
0.022010364711 0.994682032975 0.100614100016 0.293067617149
-0.279848885535 -0.090485596767 0.955770347961 -3.567302900185
0.000000000000 0.000000000000 0.000000000000 1.000000000000
362 362 0
0.966586168314 -0.045235174654 0.252319159395 -1.705315818502
0.020458994837 0.994780355314 0.099967365730 0.362991862739
-0.255524184284 -0.091464876618 0.962466398162 -3.640658754101
0.000000000000 0.000000000000 0.000000000000 1.000000000000
363 363 0
0.971263912994 -0.042835650707 0.234118598884 -1.533787746192
0.021543791766 0.995455619700 0.092757610170 0.353449842313
-0.237028007525 -0.085048317071 0.967772962741 -3.750816258142
0.000000000000 0.000000000000 0.000000000000 1.000000000000
364 364 0
0.977470290883 -0.028168267262 0.209185035699 -1.475903502799
0.022700068525 0.999336123752 0.028495940995 0.349254816414
-0.209848844004 -0.023105421088 0.977460793171 -3.890845377201
0.000000000000 0.000000000000 0.000000000000 1.000000000000
365 365 0
0.996938935224 -0.016682681163 0.076383555714 -1.266193669653
0.017982275265 0.999704483786 -0.016357960611 0.367151406525
-0.076088088493 0.017681437959 0.996944316169 -4.114744339864
0.000000000000 0.000000000000 0.000000000000 1.000000000000
366 366 0
0.999887905154 -0.011500828762 -0.009586869404 -1.135735079689
0.011245458090 0.999591397227 -0.026278855801 0.392983833545
0.009885180804 0.026168101339 0.999608680271 -4.359556719160
0.000000000000 0.000000000000 0.000000000000 1.000000000000
367 367 0
0.999764101340 -0.012655983021 -0.017651282274 -0.952518055533
0.012177132784 0.999561884427 -0.026976964952 0.421250780882
0.017984968982 0.026755659114 0.999480202703 -4.554116433296
0.000000000000 0.000000000000 0.000000000000 1.000000000000
368 368 0
0.999881507221 -0.014570784237 0.004966262527 -0.863101126139
0.014682115188 0.999623694552 -0.023171205921 0.444091684535
-0.004626771053 0.023241375539 0.999719176295 -4.741566125508
0.000000000000 0.000000000000 0.000000000000 1.000000000000
369 369 0
0.997596457908 -0.021656994341 0.065820071138 -0.697672772109
0.022767194083 0.999610112511 -0.016164091062 0.454175633871
-0.065444343087 0.017623778323 0.997700576524 -4.922324445824
0.000000000000 0.000000000000 0.000000000000 1.000000000000
370 370 0
0.995563092366 -0.025032192695 0.090705669327 -0.658559990798
0.026037334928 0.999611800973 -0.009914864885 0.486335760541
-0.090422266666 0.012232607438 0.995828387327 -5.137126971915
0.000000000000 0.000000000000 0.000000000000 1.000000000000
371 371 0
0.994035730255 -0.028401774783 0.105291529407 -0.601817928251
0.029169506713 0.999557892459 -0.005758428676 0.519857125020
-0.105081429634 0.008795385828 0.994424725323 -5.396787613619
0.000000000000 0.000000000000 0.000000000000 1.000000000000
372 372 0
0.994516487018 -0.029680391427 0.100279765727 -0.581193785909
0.030054752742 0.999545779341 -0.002224148951 0.535067598468
-0.100168202974 0.005225836365 0.994956793910 -5.623879629327
0.000000000000 0.000000000000 0.000000000000 1.000000000000
373 373 0
0.995070509352 -0.030413762611 0.094391124910 -0.483710872120
0.030383436044 0.999536769469 0.001758776025 0.555594106996
-0.094400891056 0.001117820552 0.995533636923 -5.874218880573
0.000000000000 0.000000000000 0.000000000000 1.000000000000
374 374 0
0.997377234199 -0.027856923255 0.066803027842 -0.472610686044
0.027388326709 0.999593490915 0.007920383814 0.577595624242
-0.066996509328 -0.006069987350 0.997734745807 -6.093257623253
0.000000000000 0.000000000000 0.000000000000 1.000000000000
375 375 0
0.998114368748 -0.026678029158 0.055281006313 -0.457982254793
0.025915931121 0.999559577923 0.014457340543 0.512949197073
-0.055642352690 -0.012997420578 0.998366163111 -6.302646057677
0.000000000000 0.000000000000 0.000000000000 1.000000000000
376 376 0
0.998403516459 -0.026568467434 0.049845108685 -0.516131591197
0.022567137250 0.996604221815 0.079188063353 0.519875329303
-0.051779751235 -0.077936779505 0.995612733829 -6.464582930807
0.000000000000 0.000000000000 0.000000000000 1.000000000000
377 377 0
0.998264853169 -0.028979044669 0.051259125023 -0.444290228482
0.021404720741 0.989551393564 0.142582879148 0.521022453203
-0.054855454223 -0.141238289660 0.988454664957 -6.623683772840
0.000000000000 0.000000000000 0.000000000000 1.000000000000
378 378 0
0.998341964914 -0.027660657063 0.050479789447 -0.441957150393
0.020006414167 0.989040644727 0.146281736628 0.570289472630
-0.053972812452 -0.145029276801 0.987954171197 -6.735475621475
0.000000000000 0.000000000000 0.000000000000 1.000000000000
379 379 0
0.998876531687 -0.024831114278 0.040361989661 -0.460674431680
0.019836991411 0.992607391118 0.119737466444 0.594083825336
-0.043036823971 -0.118802284752 0.991984802767 -6.743305894066
0.000000000000 0.000000000000 0.000000000000 1.000000000000
380 380 0
0.999525701997 -0.021371410322 0.022172818233 -0.431978955981
0.020199369149 0.998453149877 0.051800511454 0.594722734092
-0.023245570191 -0.051328065634 0.998411274548 -6.757236207342
0.000000000000 0.000000000000 0.000000000000 1.000000000000
381 381 0
0.999693576657 -0.020373845855 0.014059132128 -0.425915709429
0.020175643156 0.999697042074 0.014098492539 0.595869464235
-0.014342113317 -0.013810520399 0.999801767008 -6.759788750992
0.000000000000 0.000000000000 0.000000000000 1.000000000000
382 382 0
0.999746531786 -0.020729964061 0.008782981979 -0.430332775107
0.020667371762 0.999760780155 0.007158366280 0.598145936836
-0.008929273591 -0.006975030708 0.999935806449 -6.760126860574
0.000000000000 0.000000000000 0.000000000000 1.000000000000
